<?xml version="1.0" encoding="UTF-8"?>
<testsuite name="users.UserRunner" tests="4" skipped="0" failures="0" errors="0" timestamp="2024-07-27T03:21:22" hostname="FER" time="2.046">
  <properties/>
  <testcase name="[1.1:15] Crear usuario nuevo" classname="users.UserRunner" time="0.515"/>
  <testcase name="[1.2:15] Crear usuario existente" classname="users.UserRunner" time="0.412"/>
  <testcase name="[2.1:24] Login usuario existente" classname="users.UserRunner" time="0.589"/>
  <testcase name="[2.2:24] Login usuario inexistente" classname="users.UserRunner" time="0.527"/>
  <system-out><![CDATA[22:21:22.217 [Test worker] DEBUG com.intuit.karate.Suite -- [config] classpath:karate-config.js
22:21:22.241 [Test worker] INFO com.intuit.karate -- karate.env system property was: null 
22:21:22.245 [Test worker] DEBUG com.jayway.jsonpath.internal.path.CompiledPath -- Evaluating path: $
22:21:22.246 [Test worker] DEBUG org.apache.http.client.protocol.RequestAddCookies -- CookieSpec selected: karate
22:21:22.247 [Test worker] DEBUG org.apache.http.client.protocol.RequestAuthCache -- Auth cache not set in the context
22:21:22.247 [Test worker] DEBUG com.intuit.karate -- request:
1 > POST https://api.demoblaze.com/signup
1 > Content-Type: application/json; charset=UTF-8
1 > Content-Length: 63
1 > Host: api.demoblaze.com
1 > Connection: Keep-Alive
1 > User-Agent: Apache-HttpClient/4.5.14 (Java/11)
1 > Accept-Encoding: gzip,deflate
{"username":"usuario1718495207","password":"usuario1718495207"}

22:21:22.247 [Test worker] DEBUG org.apache.http.impl.conn.PoolingHttpClientConnectionManager -- Connection request: [route: {s}->https://api.demoblaze.com:443][total available: 0; route allocated: 0 of 5; total allocated: 0 of 10]
22:21:22.247 [Test worker] DEBUG org.apache.http.impl.conn.PoolingHttpClientConnectionManager -- Connection leased: [id: 4][route: {s}->https://api.demoblaze.com:443][total available: 0; route allocated: 1 of 5; total allocated: 1 of 10]
22:21:22.247 [Test worker] DEBUG org.apache.http.impl.execchain.MainClientExec -- Opening connection {s}->https://api.demoblaze.com:443
22:21:22.247 [Test worker] DEBUG org.apache.http.impl.conn.DefaultHttpClientConnectionOperator -- Connecting to api.demoblaze.com/142.251.132.83:443
22:21:22.247 [Test worker] DEBUG org.apache.http.conn.ssl.SSLConnectionSocketFactory -- Connecting socket to api.demoblaze.com/142.251.132.83:443 with timeout 30000
22:21:22.279 [Test worker] DEBUG org.apache.http.conn.ssl.SSLConnectionSocketFactory -- Enabled protocols: [TLSv1.3, TLSv1.2, TLSv1.1, TLSv1]
22:21:22.280 [Test worker] DEBUG org.apache.http.conn.ssl.SSLConnectionSocketFactory -- Enabled cipher suites:[TLS_AES_128_GCM_SHA256, TLS_AES_256_GCM_SHA384, TLS_ECDHE_ECDSA_WITH_AES_256_GCM_SHA384, TLS_ECDHE_ECDSA_WITH_AES_128_GCM_SHA256, TLS_ECDHE_RSA_WITH_AES_256_GCM_SHA384, TLS_RSA_WITH_AES_256_GCM_SHA384, TLS_ECDH_ECDSA_WITH_AES_256_GCM_SHA384, TLS_ECDH_RSA_WITH_AES_256_GCM_SHA384, TLS_DHE_RSA_WITH_AES_256_GCM_SHA384, TLS_DHE_DSS_WITH_AES_256_GCM_SHA384, TLS_ECDHE_RSA_WITH_AES_128_GCM_SHA256, TLS_RSA_WITH_AES_128_GCM_SHA256, TLS_ECDH_ECDSA_WITH_AES_128_GCM_SHA256, TLS_ECDH_RSA_WITH_AES_128_GCM_SHA256, TLS_DHE_RSA_WITH_AES_128_GCM_SHA256, TLS_DHE_DSS_WITH_AES_128_GCM_SHA256, TLS_ECDHE_ECDSA_WITH_AES_256_CBC_SHA384, TLS_ECDHE_RSA_WITH_AES_256_CBC_SHA384, TLS_RSA_WITH_AES_256_CBC_SHA256, TLS_ECDH_ECDSA_WITH_AES_256_CBC_SHA384, TLS_ECDH_RSA_WITH_AES_256_CBC_SHA384, TLS_DHE_RSA_WITH_AES_256_CBC_SHA256, TLS_DHE_DSS_WITH_AES_256_CBC_SHA256, TLS_ECDHE_ECDSA_WITH_AES_256_CBC_SHA, TLS_ECDHE_RSA_WITH_AES_256_CBC_SHA, TLS_RSA_WITH_AES_256_CBC_SHA, TLS_ECDH_ECDSA_WITH_AES_256_CBC_SHA, TLS_ECDH_RSA_WITH_AES_256_CBC_SHA, TLS_DHE_RSA_WITH_AES_256_CBC_SHA, TLS_DHE_DSS_WITH_AES_256_CBC_SHA, TLS_ECDHE_ECDSA_WITH_AES_128_CBC_SHA256, TLS_ECDHE_RSA_WITH_AES_128_CBC_SHA256, TLS_RSA_WITH_AES_128_CBC_SHA256, TLS_ECDH_ECDSA_WITH_AES_128_CBC_SHA256, TLS_ECDH_RSA_WITH_AES_128_CBC_SHA256, TLS_DHE_RSA_WITH_AES_128_CBC_SHA256, TLS_DHE_DSS_WITH_AES_128_CBC_SHA256, TLS_ECDHE_ECDSA_WITH_AES_128_CBC_SHA, TLS_ECDHE_RSA_WITH_AES_128_CBC_SHA, TLS_RSA_WITH_AES_128_CBC_SHA, TLS_ECDH_ECDSA_WITH_AES_128_CBC_SHA, TLS_ECDH_RSA_WITH_AES_128_CBC_SHA, TLS_DHE_RSA_WITH_AES_128_CBC_SHA, TLS_DHE_DSS_WITH_AES_128_CBC_SHA, TLS_EMPTY_RENEGOTIATION_INFO_SCSV]
22:21:22.280 [Test worker] DEBUG org.apache.http.conn.ssl.SSLConnectionSocketFactory -- Starting handshake
22:21:22.485 [Test worker] DEBUG org.apache.http.conn.ssl.SSLConnectionSocketFactory -- Secure session established
22:21:22.485 [Test worker] DEBUG org.apache.http.conn.ssl.SSLConnectionSocketFactory --  negotiated protocol: TLSv1.2
22:21:22.485 [Test worker] DEBUG org.apache.http.conn.ssl.SSLConnectionSocketFactory --  negotiated cipher suite: TLS_ECDHE_RSA_WITH_AES_128_GCM_SHA256
22:21:22.485 [Test worker] DEBUG org.apache.http.conn.ssl.SSLConnectionSocketFactory --  peer principal: CN=api.demoblaze.com
22:21:22.485 [Test worker] DEBUG org.apache.http.conn.ssl.SSLConnectionSocketFactory --  peer alternative names: [api.demoblaze.com]
22:21:22.485 [Test worker] DEBUG org.apache.http.conn.ssl.SSLConnectionSocketFactory --  issuer principal: CN=WR3, O=Google Trust Services, C=US
22:21:22.485 [Test worker] DEBUG org.apache.http.impl.conn.DefaultHttpClientConnectionOperator -- Connection established 192.168.1.42:54547<->142.251.132.83:443
22:21:22.485 [Test worker] DEBUG org.apache.http.impl.conn.DefaultManagedHttpClientConnection -- http-outgoing-4: set socket timeout to 30000
22:21:22.485 [Test worker] DEBUG org.apache.http.impl.execchain.MainClientExec -- Executing request POST /signup HTTP/1.1
22:21:22.485 [Test worker] DEBUG org.apache.http.impl.execchain.MainClientExec -- Target auth state: UNCHALLENGED
22:21:22.485 [Test worker] DEBUG org.apache.http.impl.execchain.MainClientExec -- Proxy auth state: UNCHALLENGED
22:21:22.485 [Test worker] DEBUG org.apache.http.headers -- http-outgoing-4 >> POST /signup HTTP/1.1
22:21:22.485 [Test worker] DEBUG org.apache.http.headers -- http-outgoing-4 >> Content-Type: application/json; charset=UTF-8
22:21:22.485 [Test worker] DEBUG org.apache.http.headers -- http-outgoing-4 >> Content-Length: 63
22:21:22.485 [Test worker] DEBUG org.apache.http.headers -- http-outgoing-4 >> Host: api.demoblaze.com
22:21:22.485 [Test worker] DEBUG org.apache.http.headers -- http-outgoing-4 >> Connection: Keep-Alive
22:21:22.485 [Test worker] DEBUG org.apache.http.headers -- http-outgoing-4 >> User-Agent: Apache-HttpClient/4.5.14 (Java/11)
22:21:22.485 [Test worker] DEBUG org.apache.http.headers -- http-outgoing-4 >> Accept-Encoding: gzip,deflate
22:21:22.485 [Test worker] DEBUG org.apache.http.wire -- http-outgoing-4 >> "POST /signup HTTP/1.1[\r][\n]"
22:21:22.485 [Test worker] DEBUG org.apache.http.wire -- http-outgoing-4 >> "Content-Type: application/json; charset=UTF-8[\r][\n]"
22:21:22.485 [Test worker] DEBUG org.apache.http.wire -- http-outgoing-4 >> "Content-Length: 63[\r][\n]"
22:21:22.485 [Test worker] DEBUG org.apache.http.wire -- http-outgoing-4 >> "Host: api.demoblaze.com[\r][\n]"
22:21:22.485 [Test worker] DEBUG org.apache.http.wire -- http-outgoing-4 >> "Connection: Keep-Alive[\r][\n]"
22:21:22.485 [Test worker] DEBUG org.apache.http.wire -- http-outgoing-4 >> "User-Agent: Apache-HttpClient/4.5.14 (Java/11)[\r][\n]"
22:21:22.485 [Test worker] DEBUG org.apache.http.wire -- http-outgoing-4 >> "Accept-Encoding: gzip,deflate[\r][\n]"
22:21:22.485 [Test worker] DEBUG org.apache.http.wire -- http-outgoing-4 >> "[\r][\n]"
22:21:22.485 [Test worker] DEBUG org.apache.http.wire -- http-outgoing-4 >> "{"username":"usuario1718495207","password":"usuario1718495207"}"
22:21:22.747 [Test worker] DEBUG org.apache.http.wire -- http-outgoing-4 << "HTTP/1.1 200 OK[\r][\n]"
22:21:22.747 [Test worker] DEBUG org.apache.http.wire -- http-outgoing-4 << "Content-Type: application/json[\r][\n]"
22:21:22.747 [Test worker] DEBUG org.apache.http.wire -- http-outgoing-4 << "Vary: Accept-Encoding[\r][\n]"
22:21:22.747 [Test worker] DEBUG org.apache.http.wire -- http-outgoing-4 << "Content-Encoding: gzip[\r][\n]"
22:21:22.747 [Test worker] DEBUG org.apache.http.wire -- http-outgoing-4 << "X-Cloud-Trace-Context: c7ba5b4ffcf5b21ef6e5720879f4edb1[\r][\n]"
22:21:22.747 [Test worker] DEBUG org.apache.http.wire -- http-outgoing-4 << "Date: Sat, 27 Jul 2024 03:21:20 GMT[\r][\n]"
22:21:22.747 [Test worker] DEBUG org.apache.http.wire -- http-outgoing-4 << "Server: Google Frontend[\r][\n]"
22:21:22.747 [Test worker] DEBUG org.apache.http.wire -- http-outgoing-4 << "Cache-Control: private[\r][\n]"
22:21:22.747 [Test worker] DEBUG org.apache.http.wire -- http-outgoing-4 << "Transfer-Encoding: chunked[\r][\n]"
22:21:22.747 [Test worker] DEBUG org.apache.http.wire -- http-outgoing-4 << "[\r][\n]"
22:21:22.747 [Test worker] DEBUG org.apache.http.wire -- http-outgoing-4 << "00000001[\r][\n]"
22:21:22.747 [Test worker] DEBUG org.apache.http.wire -- http-outgoing-4 << "[0x1f][\r][\n]"
22:21:22.747 [Test worker] DEBUG org.apache.http.wire -- http-outgoing-4 << "00000001[\r][\n]"
22:21:22.747 [Test worker] DEBUG org.apache.http.wire -- http-outgoing-4 << "[0x8b][\r][\n]"
22:21:22.747 [Test worker] DEBUG org.apache.http.wire -- http-outgoing-4 << "00000001[\r][\n]"
22:21:22.747 [Test worker] DEBUG org.apache.http.wire -- http-outgoing-4 << "[0x8][\r][\n]"
22:21:22.747 [Test worker] DEBUG org.apache.http.wire -- http-outgoing-4 << "00000001[\r][\n]"
22:21:22.747 [Test worker] DEBUG org.apache.http.wire -- http-outgoing-4 << "[0x0][\r][\n]"
22:21:22.747 [Test worker] DEBUG org.apache.http.wire -- http-outgoing-4 << "00000001[\r][\n]"
22:21:22.747 [Test worker] DEBUG org.apache.http.wire -- http-outgoing-4 << "[0x0][\r][\n]"
22:21:22.747 [Test worker] DEBUG org.apache.http.wire -- http-outgoing-4 << "00000001[\r][\n]"
22:21:22.747 [Test worker] DEBUG org.apache.http.wire -- http-outgoing-4 << "[0x0][\r][\n]"
22:21:22.747 [Test worker] DEBUG org.apache.http.wire -- http-outgoing-4 << "00000001[\r][\n]"
22:21:22.747 [Test worker] DEBUG org.apache.http.wire -- http-outgoing-4 << "[0x0][\r][\n]"
22:21:22.747 [Test worker] DEBUG org.apache.http.wire -- http-outgoing-4 << "00000001[\r][\n]"
22:21:22.747 [Test worker] DEBUG org.apache.http.wire -- http-outgoing-4 << "[0x0][\r][\n]"
22:21:22.747 [Test worker] DEBUG org.apache.http.wire -- http-outgoing-4 << "00000001[\r][\n]"
22:21:22.747 [Test worker] DEBUG org.apache.http.wire -- http-outgoing-4 << "[0x0][\r][\n]"
22:21:22.747 [Test worker] DEBUG org.apache.http.wire -- http-outgoing-4 << "00000001[\r][\n]"
22:21:22.747 [Test worker] DEBUG org.apache.http.wire -- http-outgoing-4 << "[0x3][\r][\n]"
22:21:22.747 [Test worker] DEBUG org.apache.http.wire -- http-outgoing-4 << "01[\r][\n]"
22:21:22.747 [Test worker] DEBUG org.apache.http.wire -- http-outgoing-4 << "[0xaa][\r][\n]"
22:21:22.747 [Test worker] DEBUG org.apache.http.wire -- http-outgoing-4 << "3b[\r][\n]"
22:21:22.747 [Test worker] DEBUG org.apache.http.wire -- http-outgoing-4 << "VJ-*[0xca]/[0xf2]M-.NLOU[0xb2]R[\n]"
22:21:22.747 [Test worker] DEBUG org.apache.http.wire -- http-outgoing-4 << "[0xc9][0xc8],V(-N-RH[0xcc])JML[0xa9]TH[0xad][0xc8],.[0xd1]S[0xaa][0xe5][0x2][0x0][0x0][0x0][0xff][0xff][0x3][0x0]E[0xcb]3[0x94],[0x0][0x0][0x0][\r][\n]"
22:21:22.747 [Test worker] DEBUG org.apache.http.headers -- http-outgoing-4 << HTTP/1.1 200 OK
22:21:22.747 [Test worker] DEBUG org.apache.http.headers -- http-outgoing-4 << Content-Type: application/json
22:21:22.747 [Test worker] DEBUG org.apache.http.headers -- http-outgoing-4 << Vary: Accept-Encoding
22:21:22.747 [Test worker] DEBUG org.apache.http.headers -- http-outgoing-4 << Content-Encoding: gzip
22:21:22.747 [Test worker] DEBUG org.apache.http.headers -- http-outgoing-4 << X-Cloud-Trace-Context: c7ba5b4ffcf5b21ef6e5720879f4edb1
22:21:22.747 [Test worker] DEBUG org.apache.http.headers -- http-outgoing-4 << Date: Sat, 27 Jul 2024 03:21:20 GMT
22:21:22.747 [Test worker] DEBUG org.apache.http.headers -- http-outgoing-4 << Server: Google Frontend
22:21:22.747 [Test worker] DEBUG org.apache.http.headers -- http-outgoing-4 << Cache-Control: private
22:21:22.747 [Test worker] DEBUG org.apache.http.headers -- http-outgoing-4 << Transfer-Encoding: chunked
22:21:22.747 [Test worker] DEBUG org.apache.http.impl.execchain.MainClientExec -- Connection can be kept alive indefinitely
22:21:22.748 [Test worker] DEBUG org.apache.http.impl.conn.DefaultManagedHttpClientConnection -- http-outgoing-4: Close connection
22:21:22.748 [Test worker] DEBUG org.apache.http.impl.execchain.MainClientExec -- Connection discarded
22:21:22.748 [Test worker] DEBUG org.apache.http.impl.conn.PoolingHttpClientConnectionManager -- Connection released: [id: 4][route: {s}->https://api.demoblaze.com:443][total available: 0; route allocated: 0 of 5; total allocated: 0 of 10]
22:21:22.748 [Test worker] DEBUG org.apache.http.impl.conn.PoolingHttpClientConnectionManager -- Connection manager is shutting down
22:21:22.748 [Test worker] DEBUG org.apache.http.impl.conn.PoolingHttpClientConnectionManager -- Connection manager shut down
22:21:22.748 [Test worker] DEBUG com.intuit.karate -- response time in milliseconds: 501
1 < 200
1 < Content-Type: application/json
1 < Vary: Accept-Encoding
1 < X-Cloud-Trace-Context: c7ba5b4ffcf5b21ef6e5720879f4edb1
1 < Date: Sat, 27 Jul 2024 03:21:20 GMT
1 < Server: Google Frontend
1 < Cache-Control: private
1 < Transfer-Encoding: chunked
{"errorMessage":"This user already exist."}


22:21:22.750 [Test worker] INFO com.intuit.karate -- [print] {
  "errorMessage": "This user already exist."
}
 
22:21:22.755 [Test worker] INFO com.intuit.karate -- karate.env system property was: null 
22:21:22.756 [Test worker] DEBUG com.jayway.jsonpath.internal.path.CompiledPath -- Evaluating path: $
22:21:22.757 [Test worker] DEBUG org.apache.http.client.protocol.RequestAddCookies -- CookieSpec selected: karate
22:21:22.757 [Test worker] DEBUG org.apache.http.client.protocol.RequestAuthCache -- Auth cache not set in the context
22:21:22.757 [Test worker] DEBUG com.intuit.karate -- request:
1 > POST https://api.demoblaze.com/signup
1 > Content-Type: application/json; charset=UTF-8
1 > Content-Length: 63
1 > Host: api.demoblaze.com
1 > Connection: Keep-Alive
1 > User-Agent: Apache-HttpClient/4.5.14 (Java/11)
1 > Accept-Encoding: gzip,deflate
{"username":"usuario1718495201","password":"usuario1718495201"}

22:21:22.757 [Test worker] DEBUG org.apache.http.impl.conn.PoolingHttpClientConnectionManager -- Connection request: [route: {s}->https://api.demoblaze.com:443][total available: 0; route allocated: 0 of 5; total allocated: 0 of 10]
22:21:22.757 [Test worker] DEBUG org.apache.http.impl.conn.PoolingHttpClientConnectionManager -- Connection leased: [id: 5][route: {s}->https://api.demoblaze.com:443][total available: 0; route allocated: 1 of 5; total allocated: 1 of 10]
22:21:22.757 [Test worker] DEBUG org.apache.http.impl.execchain.MainClientExec -- Opening connection {s}->https://api.demoblaze.com:443
22:21:22.757 [Test worker] DEBUG org.apache.http.impl.conn.DefaultHttpClientConnectionOperator -- Connecting to api.demoblaze.com/142.251.132.83:443
22:21:22.757 [Test worker] DEBUG org.apache.http.conn.ssl.SSLConnectionSocketFactory -- Connecting socket to api.demoblaze.com/142.251.132.83:443 with timeout 30000
22:21:22.787 [Test worker] DEBUG org.apache.http.conn.ssl.SSLConnectionSocketFactory -- Enabled protocols: [TLSv1.3, TLSv1.2, TLSv1.1, TLSv1]
22:21:22.787 [Test worker] DEBUG org.apache.http.conn.ssl.SSLConnectionSocketFactory -- Enabled cipher suites:[TLS_AES_128_GCM_SHA256, TLS_AES_256_GCM_SHA384, TLS_ECDHE_ECDSA_WITH_AES_256_GCM_SHA384, TLS_ECDHE_ECDSA_WITH_AES_128_GCM_SHA256, TLS_ECDHE_RSA_WITH_AES_256_GCM_SHA384, TLS_RSA_WITH_AES_256_GCM_SHA384, TLS_ECDH_ECDSA_WITH_AES_256_GCM_SHA384, TLS_ECDH_RSA_WITH_AES_256_GCM_SHA384, TLS_DHE_RSA_WITH_AES_256_GCM_SHA384, TLS_DHE_DSS_WITH_AES_256_GCM_SHA384, TLS_ECDHE_RSA_WITH_AES_128_GCM_SHA256, TLS_RSA_WITH_AES_128_GCM_SHA256, TLS_ECDH_ECDSA_WITH_AES_128_GCM_SHA256, TLS_ECDH_RSA_WITH_AES_128_GCM_SHA256, TLS_DHE_RSA_WITH_AES_128_GCM_SHA256, TLS_DHE_DSS_WITH_AES_128_GCM_SHA256, TLS_ECDHE_ECDSA_WITH_AES_256_CBC_SHA384, TLS_ECDHE_RSA_WITH_AES_256_CBC_SHA384, TLS_RSA_WITH_AES_256_CBC_SHA256, TLS_ECDH_ECDSA_WITH_AES_256_CBC_SHA384, TLS_ECDH_RSA_WITH_AES_256_CBC_SHA384, TLS_DHE_RSA_WITH_AES_256_CBC_SHA256, TLS_DHE_DSS_WITH_AES_256_CBC_SHA256, TLS_ECDHE_ECDSA_WITH_AES_256_CBC_SHA, TLS_ECDHE_RSA_WITH_AES_256_CBC_SHA, TLS_RSA_WITH_AES_256_CBC_SHA, TLS_ECDH_ECDSA_WITH_AES_256_CBC_SHA, TLS_ECDH_RSA_WITH_AES_256_CBC_SHA, TLS_DHE_RSA_WITH_AES_256_CBC_SHA, TLS_DHE_DSS_WITH_AES_256_CBC_SHA, TLS_ECDHE_ECDSA_WITH_AES_128_CBC_SHA256, TLS_ECDHE_RSA_WITH_AES_128_CBC_SHA256, TLS_RSA_WITH_AES_128_CBC_SHA256, TLS_ECDH_ECDSA_WITH_AES_128_CBC_SHA256, TLS_ECDH_RSA_WITH_AES_128_CBC_SHA256, TLS_DHE_RSA_WITH_AES_128_CBC_SHA256, TLS_DHE_DSS_WITH_AES_128_CBC_SHA256, TLS_ECDHE_ECDSA_WITH_AES_128_CBC_SHA, TLS_ECDHE_RSA_WITH_AES_128_CBC_SHA, TLS_RSA_WITH_AES_128_CBC_SHA, TLS_ECDH_ECDSA_WITH_AES_128_CBC_SHA, TLS_ECDH_RSA_WITH_AES_128_CBC_SHA, TLS_DHE_RSA_WITH_AES_128_CBC_SHA, TLS_DHE_DSS_WITH_AES_128_CBC_SHA, TLS_EMPTY_RENEGOTIATION_INFO_SCSV]
22:21:22.788 [Test worker] DEBUG org.apache.http.conn.ssl.SSLConnectionSocketFactory -- Starting handshake
22:21:22.992 [Test worker] DEBUG org.apache.http.conn.ssl.SSLConnectionSocketFactory -- Secure session established
22:21:22.992 [Test worker] DEBUG org.apache.http.conn.ssl.SSLConnectionSocketFactory --  negotiated protocol: TLSv1.2
22:21:22.992 [Test worker] DEBUG org.apache.http.conn.ssl.SSLConnectionSocketFactory --  negotiated cipher suite: TLS_ECDHE_RSA_WITH_AES_128_GCM_SHA256
22:21:22.992 [Test worker] DEBUG org.apache.http.conn.ssl.SSLConnectionSocketFactory --  peer principal: CN=api.demoblaze.com
22:21:22.992 [Test worker] DEBUG org.apache.http.conn.ssl.SSLConnectionSocketFactory --  peer alternative names: [api.demoblaze.com]
22:21:22.992 [Test worker] DEBUG org.apache.http.conn.ssl.SSLConnectionSocketFactory --  issuer principal: CN=WR3, O=Google Trust Services, C=US
22:21:22.992 [Test worker] DEBUG org.apache.http.impl.conn.DefaultHttpClientConnectionOperator -- Connection established 192.168.1.42:54548<->142.251.132.83:443
22:21:22.992 [Test worker] DEBUG org.apache.http.impl.conn.DefaultManagedHttpClientConnection -- http-outgoing-5: set socket timeout to 30000
22:21:22.992 [Test worker] DEBUG org.apache.http.impl.execchain.MainClientExec -- Executing request POST /signup HTTP/1.1
22:21:22.992 [Test worker] DEBUG org.apache.http.impl.execchain.MainClientExec -- Target auth state: UNCHALLENGED
22:21:22.992 [Test worker] DEBUG org.apache.http.impl.execchain.MainClientExec -- Proxy auth state: UNCHALLENGED
22:21:22.992 [Test worker] DEBUG org.apache.http.headers -- http-outgoing-5 >> POST /signup HTTP/1.1
22:21:22.992 [Test worker] DEBUG org.apache.http.headers -- http-outgoing-5 >> Content-Type: application/json; charset=UTF-8
22:21:22.992 [Test worker] DEBUG org.apache.http.headers -- http-outgoing-5 >> Content-Length: 63
22:21:22.992 [Test worker] DEBUG org.apache.http.headers -- http-outgoing-5 >> Host: api.demoblaze.com
22:21:22.992 [Test worker] DEBUG org.apache.http.headers -- http-outgoing-5 >> Connection: Keep-Alive
22:21:22.992 [Test worker] DEBUG org.apache.http.headers -- http-outgoing-5 >> User-Agent: Apache-HttpClient/4.5.14 (Java/11)
22:21:22.992 [Test worker] DEBUG org.apache.http.headers -- http-outgoing-5 >> Accept-Encoding: gzip,deflate
22:21:22.992 [Test worker] DEBUG org.apache.http.wire -- http-outgoing-5 >> "POST /signup HTTP/1.1[\r][\n]"
22:21:22.992 [Test worker] DEBUG org.apache.http.wire -- http-outgoing-5 >> "Content-Type: application/json; charset=UTF-8[\r][\n]"
22:21:22.992 [Test worker] DEBUG org.apache.http.wire -- http-outgoing-5 >> "Content-Length: 63[\r][\n]"
22:21:22.992 [Test worker] DEBUG org.apache.http.wire -- http-outgoing-5 >> "Host: api.demoblaze.com[\r][\n]"
22:21:22.992 [Test worker] DEBUG org.apache.http.wire -- http-outgoing-5 >> "Connection: Keep-Alive[\r][\n]"
22:21:22.992 [Test worker] DEBUG org.apache.http.wire -- http-outgoing-5 >> "User-Agent: Apache-HttpClient/4.5.14 (Java/11)[\r][\n]"
22:21:22.992 [Test worker] DEBUG org.apache.http.wire -- http-outgoing-5 >> "Accept-Encoding: gzip,deflate[\r][\n]"
22:21:22.992 [Test worker] DEBUG org.apache.http.wire -- http-outgoing-5 >> "[\r][\n]"
22:21:22.992 [Test worker] DEBUG org.apache.http.wire -- http-outgoing-5 >> "{"username":"usuario1718495201","password":"usuario1718495201"}"
22:21:23.158 [Test worker] DEBUG org.apache.http.wire -- http-outgoing-5 << "HTTP/1.1 200 OK[\r][\n]"
22:21:23.158 [Test worker] DEBUG org.apache.http.wire -- http-outgoing-5 << "Content-Type: application/json[\r][\n]"
22:21:23.158 [Test worker] DEBUG org.apache.http.wire -- http-outgoing-5 << "Vary: Accept-Encoding[\r][\n]"
22:21:23.158 [Test worker] DEBUG org.apache.http.wire -- http-outgoing-5 << "Content-Encoding: gzip[\r][\n]"
22:21:23.158 [Test worker] DEBUG org.apache.http.wire -- http-outgoing-5 << "X-Cloud-Trace-Context: dc43d8451c5b67579da33fdf6c4eff4a[\r][\n]"
22:21:23.158 [Test worker] DEBUG org.apache.http.wire -- http-outgoing-5 << "Date: Sat, 27 Jul 2024 03:21:20 GMT[\r][\n]"
22:21:23.158 [Test worker] DEBUG org.apache.http.wire -- http-outgoing-5 << "Server: Google Frontend[\r][\n]"
22:21:23.158 [Test worker] DEBUG org.apache.http.wire -- http-outgoing-5 << "Cache-Control: private[\r][\n]"
22:21:23.158 [Test worker] DEBUG org.apache.http.wire -- http-outgoing-5 << "Transfer-Encoding: chunked[\r][\n]"
22:21:23.158 [Test worker] DEBUG org.apache.http.wire -- http-outgoing-5 << "[\r][\n]"
22:21:23.158 [Test worker] DEBUG org.apache.http.wire -- http-outgoing-5 << "00000001[\r][\n]"
22:21:23.158 [Test worker] DEBUG org.apache.http.wire -- http-outgoing-5 << "[0x1f][\r][\n]"
22:21:23.158 [Test worker] DEBUG org.apache.http.wire -- http-outgoing-5 << "00000001[\r][\n]"
22:21:23.158 [Test worker] DEBUG org.apache.http.wire -- http-outgoing-5 << "[0x8b][\r][\n]"
22:21:23.158 [Test worker] DEBUG org.apache.http.wire -- http-outgoing-5 << "00000001[\r][\n]"
22:21:23.158 [Test worker] DEBUG org.apache.http.wire -- http-outgoing-5 << "[0x8][\r][\n]"
22:21:23.158 [Test worker] DEBUG org.apache.http.wire -- http-outgoing-5 << "00000001[\r][\n]"
22:21:23.158 [Test worker] DEBUG org.apache.http.wire -- http-outgoing-5 << "[0x0][\r][\n]"
22:21:23.158 [Test worker] DEBUG org.apache.http.wire -- http-outgoing-5 << "00000001[\r][\n]"
22:21:23.158 [Test worker] DEBUG org.apache.http.wire -- http-outgoing-5 << "[0x0][\r][\n]"
22:21:23.158 [Test worker] DEBUG org.apache.http.wire -- http-outgoing-5 << "00000001[\r][\n]"
22:21:23.158 [Test worker] DEBUG org.apache.http.wire -- http-outgoing-5 << "[0x0][\r][\n]"
22:21:23.158 [Test worker] DEBUG org.apache.http.wire -- http-outgoing-5 << "00000001[\r][\n]"
22:21:23.158 [Test worker] DEBUG org.apache.http.wire -- http-outgoing-5 << "[0x0][\r][\n]"
22:21:23.158 [Test worker] DEBUG org.apache.http.wire -- http-outgoing-5 << "00000001[\r][\n]"
22:21:23.158 [Test worker] DEBUG org.apache.http.wire -- http-outgoing-5 << "[0x0][\r][\n]"
22:21:23.158 [Test worker] DEBUG org.apache.http.wire -- http-outgoing-5 << "00000001[\r][\n]"
22:21:23.158 [Test worker] DEBUG org.apache.http.wire -- http-outgoing-5 << "[0x0][\r][\n]"
22:21:23.158 [Test worker] DEBUG org.apache.http.wire -- http-outgoing-5 << "00000001[\r][\n]"
22:21:23.158 [Test worker] DEBUG org.apache.http.wire -- http-outgoing-5 << "[0x3][\r][\n]"
22:21:23.158 [Test worker] DEBUG org.apache.http.wire -- http-outgoing-5 << "00000001[\r][\n]"
22:21:23.158 [Test worker] DEBUG org.apache.http.wire -- http-outgoing-5 << "[0xaa][\r][\n]"
22:21:23.158 [Test worker] DEBUG org.apache.http.wire -- http-outgoing-5 << "00000001[\r][\n]"
22:21:23.158 [Test worker] DEBUG org.apache.http.wire -- http-outgoing-5 << "V[\r][\n]"
22:21:23.158 [Test worker] DEBUG org.apache.http.wire -- http-outgoing-5 << "00000001[\r][\n]"
22:21:23.158 [Test worker] DEBUG org.apache.http.wire -- http-outgoing-5 << "J[\r][\n]"
22:21:23.158 [Test worker] DEBUG org.apache.http.wire -- http-outgoing-5 << "00000001[\r][\n]"
22:21:23.158 [Test worker] DEBUG org.apache.http.wire -- http-outgoing-5 << "-[\r][\n]"
22:21:23.158 [Test worker] DEBUG org.apache.http.wire -- http-outgoing-5 << "00000001[\r][\n]"
22:21:23.158 [Test worker] DEBUG org.apache.http.wire -- http-outgoing-5 << "*[\r][\n]"
22:21:23.158 [Test worker] DEBUG org.apache.http.wire -- http-outgoing-5 << "00000001[\r][\n]"
22:21:23.158 [Test worker] DEBUG org.apache.http.wire -- http-outgoing-5 << "[0xca][\r][\n]"
22:21:23.158 [Test worker] DEBUG org.apache.http.wire -- http-outgoing-5 << "00000001[\r][\n]"
22:21:23.158 [Test worker] DEBUG org.apache.http.wire -- http-outgoing-5 << "/[\r][\n]"
22:21:23.158 [Test worker] DEBUG org.apache.http.wire -- http-outgoing-5 << "00000001[\r][\n]"
22:21:23.158 [Test worker] DEBUG org.apache.http.wire -- http-outgoing-5 << "[0xf2][\r][\n]"
22:21:23.158 [Test worker] DEBUG org.apache.http.wire -- http-outgoing-5 << "00000001[\r][\n]"
22:21:23.158 [Test worker] DEBUG org.apache.http.wire -- http-outgoing-5 << "M[\r][\n]"
22:21:23.158 [Test worker] DEBUG org.apache.http.wire -- http-outgoing-5 << "0033[\r][\n]"
22:21:23.158 [Test worker] DEBUG org.apache.http.wire -- http-outgoing-5 << "-.NLOU[0xb2]R[\n]"
22:21:23.158 [Test worker] DEBUG org.apache.http.wire -- http-outgoing-5 << "[0xc9][0xc8],V(-N-RH[0xcc])JML[0xa9]TH[0xad][0xc8],.[0xd1]S[0xaa][0xe5][0x2][0x0][0x0][0x0][0xff][0xff][0x3][0x0]E[0xcb]3[0x94],[0x0][0x0][0x0][\r][\n]"
22:21:23.158 [Test worker] DEBUG org.apache.http.headers -- http-outgoing-5 << HTTP/1.1 200 OK
22:21:23.158 [Test worker] DEBUG org.apache.http.headers -- http-outgoing-5 << Content-Type: application/json
22:21:23.158 [Test worker] DEBUG org.apache.http.headers -- http-outgoing-5 << Vary: Accept-Encoding
22:21:23.158 [Test worker] DEBUG org.apache.http.headers -- http-outgoing-5 << Content-Encoding: gzip
22:21:23.158 [Test worker] DEBUG org.apache.http.headers -- http-outgoing-5 << X-Cloud-Trace-Context: dc43d8451c5b67579da33fdf6c4eff4a
22:21:23.158 [Test worker] DEBUG org.apache.http.headers -- http-outgoing-5 << Date: Sat, 27 Jul 2024 03:21:20 GMT
22:21:23.158 [Test worker] DEBUG org.apache.http.headers -- http-outgoing-5 << Server: Google Frontend
22:21:23.158 [Test worker] DEBUG org.apache.http.headers -- http-outgoing-5 << Cache-Control: private
22:21:23.158 [Test worker] DEBUG org.apache.http.headers -- http-outgoing-5 << Transfer-Encoding: chunked
22:21:23.158 [Test worker] DEBUG org.apache.http.impl.execchain.MainClientExec -- Connection can be kept alive indefinitely
22:21:23.158 [Test worker] DEBUG org.apache.http.impl.conn.DefaultManagedHttpClientConnection -- http-outgoing-5: Close connection
22:21:23.159 [Test worker] DEBUG org.apache.http.impl.execchain.MainClientExec -- Connection discarded
22:21:23.159 [Test worker] DEBUG org.apache.http.impl.conn.PoolingHttpClientConnectionManager -- Connection released: [id: 5][route: {s}->https://api.demoblaze.com:443][total available: 0; route allocated: 0 of 5; total allocated: 0 of 10]
22:21:23.159 [Test worker] DEBUG org.apache.http.impl.conn.PoolingHttpClientConnectionManager -- Connection manager is shutting down
22:21:23.159 [Test worker] DEBUG org.apache.http.impl.conn.PoolingHttpClientConnectionManager -- Connection manager shut down
22:21:23.159 [Test worker] DEBUG com.intuit.karate -- response time in milliseconds: 401
1 < 200
1 < Content-Type: application/json
1 < Vary: Accept-Encoding
1 < X-Cloud-Trace-Context: dc43d8451c5b67579da33fdf6c4eff4a
1 < Date: Sat, 27 Jul 2024 03:21:20 GMT
1 < Server: Google Frontend
1 < Cache-Control: private
1 < Transfer-Encoding: chunked
{"errorMessage":"This user already exist."}


22:21:23.159 [Test worker] INFO com.intuit.karate -- [print] {
  "errorMessage": "This user already exist."
}
 
22:21:23.167 [Test worker] INFO com.intuit.karate -- karate.env system property was: null 
22:21:23.168 [Test worker] DEBUG com.jayway.jsonpath.internal.path.CompiledPath -- Evaluating path: $
22:21:23.169 [Test worker] DEBUG org.apache.http.client.protocol.RequestAddCookies -- CookieSpec selected: karate
22:21:23.169 [Test worker] DEBUG org.apache.http.client.protocol.RequestAuthCache -- Auth cache not set in the context
22:21:23.169 [Test worker] DEBUG com.intuit.karate -- request:
1 > POST https://api.demoblaze.com/login
1 > Content-Type: application/json; charset=UTF-8
1 > Content-Length: 63
1 > Host: api.demoblaze.com
1 > Connection: Keep-Alive
1 > User-Agent: Apache-HttpClient/4.5.14 (Java/11)
1 > Accept-Encoding: gzip,deflate
{"username":"usuario1718495201","password":"usuario1718495201"}

22:21:23.169 [Test worker] DEBUG org.apache.http.impl.conn.PoolingHttpClientConnectionManager -- Connection request: [route: {s}->https://api.demoblaze.com:443][total available: 0; route allocated: 0 of 5; total allocated: 0 of 10]
22:21:23.169 [Test worker] DEBUG org.apache.http.impl.conn.PoolingHttpClientConnectionManager -- Connection leased: [id: 6][route: {s}->https://api.demoblaze.com:443][total available: 0; route allocated: 1 of 5; total allocated: 1 of 10]
22:21:23.169 [Test worker] DEBUG org.apache.http.impl.execchain.MainClientExec -- Opening connection {s}->https://api.demoblaze.com:443
22:21:23.169 [Test worker] DEBUG org.apache.http.impl.conn.DefaultHttpClientConnectionOperator -- Connecting to api.demoblaze.com/142.251.132.83:443
22:21:23.169 [Test worker] DEBUG org.apache.http.conn.ssl.SSLConnectionSocketFactory -- Connecting socket to api.demoblaze.com/142.251.132.83:443 with timeout 30000
22:21:23.206 [Test worker] DEBUG org.apache.http.conn.ssl.SSLConnectionSocketFactory -- Enabled protocols: [TLSv1.3, TLSv1.2, TLSv1.1, TLSv1]
22:21:23.206 [Test worker] DEBUG org.apache.http.conn.ssl.SSLConnectionSocketFactory -- Enabled cipher suites:[TLS_AES_128_GCM_SHA256, TLS_AES_256_GCM_SHA384, TLS_ECDHE_ECDSA_WITH_AES_256_GCM_SHA384, TLS_ECDHE_ECDSA_WITH_AES_128_GCM_SHA256, TLS_ECDHE_RSA_WITH_AES_256_GCM_SHA384, TLS_RSA_WITH_AES_256_GCM_SHA384, TLS_ECDH_ECDSA_WITH_AES_256_GCM_SHA384, TLS_ECDH_RSA_WITH_AES_256_GCM_SHA384, TLS_DHE_RSA_WITH_AES_256_GCM_SHA384, TLS_DHE_DSS_WITH_AES_256_GCM_SHA384, TLS_ECDHE_RSA_WITH_AES_128_GCM_SHA256, TLS_RSA_WITH_AES_128_GCM_SHA256, TLS_ECDH_ECDSA_WITH_AES_128_GCM_SHA256, TLS_ECDH_RSA_WITH_AES_128_GCM_SHA256, TLS_DHE_RSA_WITH_AES_128_GCM_SHA256, TLS_DHE_DSS_WITH_AES_128_GCM_SHA256, TLS_ECDHE_ECDSA_WITH_AES_256_CBC_SHA384, TLS_ECDHE_RSA_WITH_AES_256_CBC_SHA384, TLS_RSA_WITH_AES_256_CBC_SHA256, TLS_ECDH_ECDSA_WITH_AES_256_CBC_SHA384, TLS_ECDH_RSA_WITH_AES_256_CBC_SHA384, TLS_DHE_RSA_WITH_AES_256_CBC_SHA256, TLS_DHE_DSS_WITH_AES_256_CBC_SHA256, TLS_ECDHE_ECDSA_WITH_AES_256_CBC_SHA, TLS_ECDHE_RSA_WITH_AES_256_CBC_SHA, TLS_RSA_WITH_AES_256_CBC_SHA, TLS_ECDH_ECDSA_WITH_AES_256_CBC_SHA, TLS_ECDH_RSA_WITH_AES_256_CBC_SHA, TLS_DHE_RSA_WITH_AES_256_CBC_SHA, TLS_DHE_DSS_WITH_AES_256_CBC_SHA, TLS_ECDHE_ECDSA_WITH_AES_128_CBC_SHA256, TLS_ECDHE_RSA_WITH_AES_128_CBC_SHA256, TLS_RSA_WITH_AES_128_CBC_SHA256, TLS_ECDH_ECDSA_WITH_AES_128_CBC_SHA256, TLS_ECDH_RSA_WITH_AES_128_CBC_SHA256, TLS_DHE_RSA_WITH_AES_128_CBC_SHA256, TLS_DHE_DSS_WITH_AES_128_CBC_SHA256, TLS_ECDHE_ECDSA_WITH_AES_128_CBC_SHA, TLS_ECDHE_RSA_WITH_AES_128_CBC_SHA, TLS_RSA_WITH_AES_128_CBC_SHA, TLS_ECDH_ECDSA_WITH_AES_128_CBC_SHA, TLS_ECDH_RSA_WITH_AES_128_CBC_SHA, TLS_DHE_RSA_WITH_AES_128_CBC_SHA, TLS_DHE_DSS_WITH_AES_128_CBC_SHA, TLS_EMPTY_RENEGOTIATION_INFO_SCSV]
22:21:23.206 [Test worker] DEBUG org.apache.http.conn.ssl.SSLConnectionSocketFactory -- Starting handshake
22:21:23.455 [Test worker] DEBUG org.apache.http.conn.ssl.SSLConnectionSocketFactory -- Secure session established
22:21:23.456 [Test worker] DEBUG org.apache.http.conn.ssl.SSLConnectionSocketFactory --  negotiated protocol: TLSv1.2
22:21:23.456 [Test worker] DEBUG org.apache.http.conn.ssl.SSLConnectionSocketFactory --  negotiated cipher suite: TLS_ECDHE_RSA_WITH_AES_128_GCM_SHA256
22:21:23.456 [Test worker] DEBUG org.apache.http.conn.ssl.SSLConnectionSocketFactory --  peer principal: CN=api.demoblaze.com
22:21:23.456 [Test worker] DEBUG org.apache.http.conn.ssl.SSLConnectionSocketFactory --  peer alternative names: [api.demoblaze.com]
22:21:23.456 [Test worker] DEBUG org.apache.http.conn.ssl.SSLConnectionSocketFactory --  issuer principal: CN=WR3, O=Google Trust Services, C=US
22:21:23.456 [Test worker] DEBUG org.apache.http.impl.conn.DefaultHttpClientConnectionOperator -- Connection established 192.168.1.42:54549<->142.251.132.83:443
22:21:23.456 [Test worker] DEBUG org.apache.http.impl.conn.DefaultManagedHttpClientConnection -- http-outgoing-6: set socket timeout to 30000
22:21:23.456 [Test worker] DEBUG org.apache.http.impl.execchain.MainClientExec -- Executing request POST /login HTTP/1.1
22:21:23.456 [Test worker] DEBUG org.apache.http.impl.execchain.MainClientExec -- Target auth state: UNCHALLENGED
22:21:23.456 [Test worker] DEBUG org.apache.http.impl.execchain.MainClientExec -- Proxy auth state: UNCHALLENGED
22:21:23.456 [Test worker] DEBUG org.apache.http.headers -- http-outgoing-6 >> POST /login HTTP/1.1
22:21:23.456 [Test worker] DEBUG org.apache.http.headers -- http-outgoing-6 >> Content-Type: application/json; charset=UTF-8
22:21:23.456 [Test worker] DEBUG org.apache.http.headers -- http-outgoing-6 >> Content-Length: 63
22:21:23.456 [Test worker] DEBUG org.apache.http.headers -- http-outgoing-6 >> Host: api.demoblaze.com
22:21:23.456 [Test worker] DEBUG org.apache.http.headers -- http-outgoing-6 >> Connection: Keep-Alive
22:21:23.456 [Test worker] DEBUG org.apache.http.headers -- http-outgoing-6 >> User-Agent: Apache-HttpClient/4.5.14 (Java/11)
22:21:23.456 [Test worker] DEBUG org.apache.http.headers -- http-outgoing-6 >> Accept-Encoding: gzip,deflate
22:21:23.456 [Test worker] DEBUG org.apache.http.wire -- http-outgoing-6 >> "POST /login HTTP/1.1[\r][\n]"
22:21:23.456 [Test worker] DEBUG org.apache.http.wire -- http-outgoing-6 >> "Content-Type: application/json; charset=UTF-8[\r][\n]"
22:21:23.456 [Test worker] DEBUG org.apache.http.wire -- http-outgoing-6 >> "Content-Length: 63[\r][\n]"
22:21:23.456 [Test worker] DEBUG org.apache.http.wire -- http-outgoing-6 >> "Host: api.demoblaze.com[\r][\n]"
22:21:23.456 [Test worker] DEBUG org.apache.http.wire -- http-outgoing-6 >> "Connection: Keep-Alive[\r][\n]"
22:21:23.456 [Test worker] DEBUG org.apache.http.wire -- http-outgoing-6 >> "User-Agent: Apache-HttpClient/4.5.14 (Java/11)[\r][\n]"
22:21:23.456 [Test worker] DEBUG org.apache.http.wire -- http-outgoing-6 >> "Accept-Encoding: gzip,deflate[\r][\n]"
22:21:23.456 [Test worker] DEBUG org.apache.http.wire -- http-outgoing-6 >> "[\r][\n]"
22:21:23.456 [Test worker] DEBUG org.apache.http.wire -- http-outgoing-6 >> "{"username":"usuario1718495201","password":"usuario1718495201"}"
22:21:23.750 [Test worker] DEBUG org.apache.http.wire -- http-outgoing-6 << "HTTP/1.1 200 OK[\r][\n]"
22:21:23.750 [Test worker] DEBUG org.apache.http.wire -- http-outgoing-6 << "Content-Type: application/json[\r][\n]"
22:21:23.750 [Test worker] DEBUG org.apache.http.wire -- http-outgoing-6 << "Vary: Accept-Encoding[\r][\n]"
22:21:23.750 [Test worker] DEBUG org.apache.http.wire -- http-outgoing-6 << "Content-Encoding: gzip[\r][\n]"
22:21:23.750 [Test worker] DEBUG org.apache.http.wire -- http-outgoing-6 << "X-Cloud-Trace-Context: de7f5bebe2008074596ac24912a564e4[\r][\n]"
22:21:23.750 [Test worker] DEBUG org.apache.http.wire -- http-outgoing-6 << "Date: Sat, 27 Jul 2024 03:21:21 GMT[\r][\n]"
22:21:23.750 [Test worker] DEBUG org.apache.http.wire -- http-outgoing-6 << "Server: Google Frontend[\r][\n]"
22:21:23.750 [Test worker] DEBUG org.apache.http.wire -- http-outgoing-6 << "Cache-Control: private[\r][\n]"
22:21:23.750 [Test worker] DEBUG org.apache.http.wire -- http-outgoing-6 << "Transfer-Encoding: chunked[\r][\n]"
22:21:23.750 [Test worker] DEBUG org.apache.http.wire -- http-outgoing-6 << "[\r][\n]"
22:21:23.750 [Test worker] DEBUG org.apache.http.wire -- http-outgoing-6 << "00000001[\r][\n]"
22:21:23.750 [Test worker] DEBUG org.apache.http.wire -- http-outgoing-6 << "[0x1f][\r][\n]"
22:21:23.750 [Test worker] DEBUG org.apache.http.wire -- http-outgoing-6 << "00000001[\r][\n]"
22:21:23.750 [Test worker] DEBUG org.apache.http.wire -- http-outgoing-6 << "[0x8b][\r][\n]"
22:21:23.750 [Test worker] DEBUG org.apache.http.wire -- http-outgoing-6 << "00000001[\r][\n]"
22:21:23.750 [Test worker] DEBUG org.apache.http.wire -- http-outgoing-6 << "[0x8][\r][\n]"
22:21:23.750 [Test worker] DEBUG org.apache.http.wire -- http-outgoing-6 << "00000001[\r][\n]"
22:21:23.750 [Test worker] DEBUG org.apache.http.wire -- http-outgoing-6 << "[0x0][\r][\n]"
22:21:23.750 [Test worker] DEBUG org.apache.http.wire -- http-outgoing-6 << "00000001[\r][\n]"
22:21:23.750 [Test worker] DEBUG org.apache.http.wire -- http-outgoing-6 << "[0x0][\r][\n]"
22:21:23.750 [Test worker] DEBUG org.apache.http.wire -- http-outgoing-6 << "00000001[\r][\n]"
22:21:23.750 [Test worker] DEBUG org.apache.http.wire -- http-outgoing-6 << "[0x0][\r][\n]"
22:21:23.750 [Test worker] DEBUG org.apache.http.wire -- http-outgoing-6 << "00000001[\r][\n]"
22:21:23.750 [Test worker] DEBUG org.apache.http.wire -- http-outgoing-6 << "[0x0][\r][\n]"
22:21:23.750 [Test worker] DEBUG org.apache.http.wire -- http-outgoing-6 << "00000001[\r][\n]"
22:21:23.750 [Test worker] DEBUG org.apache.http.wire -- http-outgoing-6 << "[0x0][\r][\n]"
22:21:23.750 [Test worker] DEBUG org.apache.http.wire -- http-outgoing-6 << "00000001[\r][\n]"
22:21:23.750 [Test worker] DEBUG org.apache.http.wire -- http-outgoing-6 << "[0x0][\r][\n]"
22:21:23.750 [Test worker] DEBUG org.apache.http.wire -- http-outgoing-6 << "00000001[\r][\n]"
22:21:23.750 [Test worker] DEBUG org.apache.http.wire -- http-outgoing-6 << "[0x3][\r][\n]"
22:21:23.750 [Test worker] DEBUG org.apache.http.wire -- http-outgoing-6 << "00000001[\r][\n]"
22:21:23.750 [Test worker] DEBUG org.apache.http.wire -- http-outgoing-6 << "R[\r][\n]"
22:21:23.750 [Test worker] DEBUG org.apache.http.wire -- http-outgoing-6 << "00000001[\r][\n]"
22:21:23.750 [Test worker] DEBUG org.apache.http.wire -- http-outgoing-6 << "r[\r][\n]"
22:21:23.750 [Test worker] DEBUG org.apache.http.wire -- http-outgoing-6 << "00000001[\r][\n]"
22:21:23.750 [Test worker] DEBUG org.apache.http.wire -- http-outgoing-6 << ",[\r][\n]"
22:21:23.750 [Test worker] DEBUG org.apache.http.wire -- http-outgoing-6 << "00000001[\r][\n]"
22:21:23.750 [Test worker] DEBUG org.apache.http.wire -- http-outgoing-6 << "-[\r][\n]"
22:21:23.750 [Test worker] DEBUG org.apache.http.wire -- http-outgoing-6 << "000001[\r][\n]"
22:21:23.750 [Test worker] DEBUG org.apache.http.wire -- http-outgoing-6 << "[0xc9][\r][\n]"
22:21:23.750 [Test worker] DEBUG org.apache.http.wire -- http-outgoing-6 << "3a[\r][\n]"
22:21:23.750 [Test worker] DEBUG org.apache.http.wire -- http-outgoing-6 << "[0x88]/[0xc9][0xcf]N[0xcd][0xb3]RH[0x89][0xf0]3[0x8c][0x8c][0xf0]*H[0xaa]r5[0xf6][\r]I7[0xf0][0xf][0x9][0xad][0xf4]uq[0xad][0xf0][0xab][0xf2][0xac][0xf4][0xcb][\n]"
22:21:23.750 [Test worker] DEBUG org.apache.http.wire -- http-outgoing-6 << "-W[0xe2][0x2][0x0][0x0][0x0][0xff][0xff][0x3][0x0]L[0x80][0xf8][0xd6]/[0x0][0x0][0x0][\r][\n]"
22:21:23.750 [Test worker] DEBUG org.apache.http.headers -- http-outgoing-6 << HTTP/1.1 200 OK
22:21:23.750 [Test worker] DEBUG org.apache.http.headers -- http-outgoing-6 << Content-Type: application/json
22:21:23.750 [Test worker] DEBUG org.apache.http.headers -- http-outgoing-6 << Vary: Accept-Encoding
22:21:23.750 [Test worker] DEBUG org.apache.http.headers -- http-outgoing-6 << Content-Encoding: gzip
22:21:23.750 [Test worker] DEBUG org.apache.http.headers -- http-outgoing-6 << X-Cloud-Trace-Context: de7f5bebe2008074596ac24912a564e4
22:21:23.750 [Test worker] DEBUG org.apache.http.headers -- http-outgoing-6 << Date: Sat, 27 Jul 2024 03:21:21 GMT
22:21:23.750 [Test worker] DEBUG org.apache.http.headers -- http-outgoing-6 << Server: Google Frontend
22:21:23.750 [Test worker] DEBUG org.apache.http.headers -- http-outgoing-6 << Cache-Control: private
22:21:23.750 [Test worker] DEBUG org.apache.http.headers -- http-outgoing-6 << Transfer-Encoding: chunked
22:21:23.751 [Test worker] DEBUG org.apache.http.impl.execchain.MainClientExec -- Connection can be kept alive indefinitely
22:21:23.751 [Test worker] DEBUG org.apache.http.impl.conn.DefaultManagedHttpClientConnection -- http-outgoing-6: Close connection
22:21:23.751 [Test worker] DEBUG org.apache.http.impl.execchain.MainClientExec -- Connection discarded
22:21:23.751 [Test worker] DEBUG org.apache.http.impl.conn.PoolingHttpClientConnectionManager -- Connection released: [id: 6][route: {s}->https://api.demoblaze.com:443][total available: 0; route allocated: 0 of 5; total allocated: 0 of 10]
22:21:23.751 [Test worker] DEBUG org.apache.http.impl.conn.PoolingHttpClientConnectionManager -- Connection manager is shutting down
22:21:23.751 [Test worker] DEBUG org.apache.http.impl.conn.PoolingHttpClientConnectionManager -- Connection manager shut down
22:21:23.751 [Test worker] DEBUG com.intuit.karate -- response time in milliseconds: 582
1 < 200
1 < Content-Type: application/json
1 < Vary: Accept-Encoding
1 < X-Cloud-Trace-Context: de7f5bebe2008074596ac24912a564e4
1 < Date: Sat, 27 Jul 2024 03:21:21 GMT
1 < Server: Google Frontend
1 < Cache-Control: private
1 < Transfer-Encoding: chunked
"Auth_token: dXN1YXJpbzE3MTg0OTUyMDExNzIyNjUw"


22:21:23.752 [Test worker] INFO com.intuit.karate -- [print] "Auth_token: dXN1YXJpbzE3MTg0OTUyMDExNzIyNjUw"
 
22:21:23.757 [Test worker] INFO com.intuit.karate -- karate.env system property was: null 
22:21:23.758 [Test worker] DEBUG com.jayway.jsonpath.internal.path.CompiledPath -- Evaluating path: $
22:21:23.759 [Test worker] DEBUG org.apache.http.client.protocol.RequestAddCookies -- CookieSpec selected: karate
22:21:23.759 [Test worker] DEBUG org.apache.http.client.protocol.RequestAuthCache -- Auth cache not set in the context
22:21:23.759 [Test worker] DEBUG com.intuit.karate -- request:
1 > POST https://api.demoblaze.com/login
1 > Content-Type: application/json; charset=UTF-8
1 > Content-Length: 63
1 > Host: api.demoblaze.com
1 > Connection: Keep-Alive
1 > User-Agent: Apache-HttpClient/4.5.14 (Java/11)
1 > Accept-Encoding: gzip,deflate
{"username":"userNoexistenteIX","password":"userNoexistenteIX"}

22:21:23.759 [Test worker] DEBUG org.apache.http.impl.conn.PoolingHttpClientConnectionManager -- Connection request: [route: {s}->https://api.demoblaze.com:443][total available: 0; route allocated: 0 of 5; total allocated: 0 of 10]
22:21:23.759 [Test worker] DEBUG org.apache.http.impl.conn.PoolingHttpClientConnectionManager -- Connection leased: [id: 7][route: {s}->https://api.demoblaze.com:443][total available: 0; route allocated: 1 of 5; total allocated: 1 of 10]
22:21:23.759 [Test worker] DEBUG org.apache.http.impl.execchain.MainClientExec -- Opening connection {s}->https://api.demoblaze.com:443
22:21:23.759 [Test worker] DEBUG org.apache.http.impl.conn.DefaultHttpClientConnectionOperator -- Connecting to api.demoblaze.com/142.251.132.83:443
22:21:23.759 [Test worker] DEBUG org.apache.http.conn.ssl.SSLConnectionSocketFactory -- Connecting socket to api.demoblaze.com/142.251.132.83:443 with timeout 30000
22:21:23.789 [Test worker] DEBUG org.apache.http.conn.ssl.SSLConnectionSocketFactory -- Enabled protocols: [TLSv1.3, TLSv1.2, TLSv1.1, TLSv1]
22:21:23.789 [Test worker] DEBUG org.apache.http.conn.ssl.SSLConnectionSocketFactory -- Enabled cipher suites:[TLS_AES_128_GCM_SHA256, TLS_AES_256_GCM_SHA384, TLS_ECDHE_ECDSA_WITH_AES_256_GCM_SHA384, TLS_ECDHE_ECDSA_WITH_AES_128_GCM_SHA256, TLS_ECDHE_RSA_WITH_AES_256_GCM_SHA384, TLS_RSA_WITH_AES_256_GCM_SHA384, TLS_ECDH_ECDSA_WITH_AES_256_GCM_SHA384, TLS_ECDH_RSA_WITH_AES_256_GCM_SHA384, TLS_DHE_RSA_WITH_AES_256_GCM_SHA384, TLS_DHE_DSS_WITH_AES_256_GCM_SHA384, TLS_ECDHE_RSA_WITH_AES_128_GCM_SHA256, TLS_RSA_WITH_AES_128_GCM_SHA256, TLS_ECDH_ECDSA_WITH_AES_128_GCM_SHA256, TLS_ECDH_RSA_WITH_AES_128_GCM_SHA256, TLS_DHE_RSA_WITH_AES_128_GCM_SHA256, TLS_DHE_DSS_WITH_AES_128_GCM_SHA256, TLS_ECDHE_ECDSA_WITH_AES_256_CBC_SHA384, TLS_ECDHE_RSA_WITH_AES_256_CBC_SHA384, TLS_RSA_WITH_AES_256_CBC_SHA256, TLS_ECDH_ECDSA_WITH_AES_256_CBC_SHA384, TLS_ECDH_RSA_WITH_AES_256_CBC_SHA384, TLS_DHE_RSA_WITH_AES_256_CBC_SHA256, TLS_DHE_DSS_WITH_AES_256_CBC_SHA256, TLS_ECDHE_ECDSA_WITH_AES_256_CBC_SHA, TLS_ECDHE_RSA_WITH_AES_256_CBC_SHA, TLS_RSA_WITH_AES_256_CBC_SHA, TLS_ECDH_ECDSA_WITH_AES_256_CBC_SHA, TLS_ECDH_RSA_WITH_AES_256_CBC_SHA, TLS_DHE_RSA_WITH_AES_256_CBC_SHA, TLS_DHE_DSS_WITH_AES_256_CBC_SHA, TLS_ECDHE_ECDSA_WITH_AES_128_CBC_SHA256, TLS_ECDHE_RSA_WITH_AES_128_CBC_SHA256, TLS_RSA_WITH_AES_128_CBC_SHA256, TLS_ECDH_ECDSA_WITH_AES_128_CBC_SHA256, TLS_ECDH_RSA_WITH_AES_128_CBC_SHA256, TLS_DHE_RSA_WITH_AES_128_CBC_SHA256, TLS_DHE_DSS_WITH_AES_128_CBC_SHA256, TLS_ECDHE_ECDSA_WITH_AES_128_CBC_SHA, TLS_ECDHE_RSA_WITH_AES_128_CBC_SHA, TLS_RSA_WITH_AES_128_CBC_SHA, TLS_ECDH_ECDSA_WITH_AES_128_CBC_SHA, TLS_ECDH_RSA_WITH_AES_128_CBC_SHA, TLS_DHE_RSA_WITH_AES_128_CBC_SHA, TLS_DHE_DSS_WITH_AES_128_CBC_SHA, TLS_EMPTY_RENEGOTIATION_INFO_SCSV]
22:21:23.789 [Test worker] DEBUG org.apache.http.conn.ssl.SSLConnectionSocketFactory -- Starting handshake
22:21:23.984 [Test worker] DEBUG org.apache.http.conn.ssl.SSLConnectionSocketFactory -- Secure session established
22:21:23.985 [Test worker] DEBUG org.apache.http.conn.ssl.SSLConnectionSocketFactory --  negotiated protocol: TLSv1.2
22:21:23.985 [Test worker] DEBUG org.apache.http.conn.ssl.SSLConnectionSocketFactory --  negotiated cipher suite: TLS_ECDHE_RSA_WITH_AES_128_GCM_SHA256
22:21:23.985 [Test worker] DEBUG org.apache.http.conn.ssl.SSLConnectionSocketFactory --  peer principal: CN=api.demoblaze.com
22:21:23.985 [Test worker] DEBUG org.apache.http.conn.ssl.SSLConnectionSocketFactory --  peer alternative names: [api.demoblaze.com]
22:21:23.985 [Test worker] DEBUG org.apache.http.conn.ssl.SSLConnectionSocketFactory --  issuer principal: CN=WR3, O=Google Trust Services, C=US
22:21:23.985 [Test worker] DEBUG org.apache.http.impl.conn.DefaultHttpClientConnectionOperator -- Connection established 192.168.1.42:54550<->142.251.132.83:443
22:21:23.985 [Test worker] DEBUG org.apache.http.impl.conn.DefaultManagedHttpClientConnection -- http-outgoing-7: set socket timeout to 30000
22:21:23.985 [Test worker] DEBUG org.apache.http.impl.execchain.MainClientExec -- Executing request POST /login HTTP/1.1
22:21:23.985 [Test worker] DEBUG org.apache.http.impl.execchain.MainClientExec -- Target auth state: UNCHALLENGED
22:21:23.985 [Test worker] DEBUG org.apache.http.impl.execchain.MainClientExec -- Proxy auth state: UNCHALLENGED
22:21:23.985 [Test worker] DEBUG org.apache.http.headers -- http-outgoing-7 >> POST /login HTTP/1.1
22:21:23.985 [Test worker] DEBUG org.apache.http.headers -- http-outgoing-7 >> Content-Type: application/json; charset=UTF-8
22:21:23.985 [Test worker] DEBUG org.apache.http.headers -- http-outgoing-7 >> Content-Length: 63
22:21:23.985 [Test worker] DEBUG org.apache.http.headers -- http-outgoing-7 >> Host: api.demoblaze.com
22:21:23.985 [Test worker] DEBUG org.apache.http.headers -- http-outgoing-7 >> Connection: Keep-Alive
22:21:23.985 [Test worker] DEBUG org.apache.http.headers -- http-outgoing-7 >> User-Agent: Apache-HttpClient/4.5.14 (Java/11)
22:21:23.985 [Test worker] DEBUG org.apache.http.headers -- http-outgoing-7 >> Accept-Encoding: gzip,deflate
22:21:23.985 [Test worker] DEBUG org.apache.http.wire -- http-outgoing-7 >> "POST /login HTTP/1.1[\r][\n]"
22:21:23.985 [Test worker] DEBUG org.apache.http.wire -- http-outgoing-7 >> "Content-Type: application/json; charset=UTF-8[\r][\n]"
22:21:23.985 [Test worker] DEBUG org.apache.http.wire -- http-outgoing-7 >> "Content-Length: 63[\r][\n]"
22:21:23.985 [Test worker] DEBUG org.apache.http.wire -- http-outgoing-7 >> "Host: api.demoblaze.com[\r][\n]"
22:21:23.985 [Test worker] DEBUG org.apache.http.wire -- http-outgoing-7 >> "Connection: Keep-Alive[\r][\n]"
22:21:23.985 [Test worker] DEBUG org.apache.http.wire -- http-outgoing-7 >> "User-Agent: Apache-HttpClient/4.5.14 (Java/11)[\r][\n]"
22:21:23.985 [Test worker] DEBUG org.apache.http.wire -- http-outgoing-7 >> "Accept-Encoding: gzip,deflate[\r][\n]"
22:21:23.985 [Test worker] DEBUG org.apache.http.wire -- http-outgoing-7 >> "[\r][\n]"
22:21:23.985 [Test worker] DEBUG org.apache.http.wire -- http-outgoing-7 >> "{"username":"userNoexistenteIX","password":"userNoexistenteIX"}"
22:21:24.138 [Test worker] DEBUG org.apache.http.wire -- http-outgoing-7 << "HTTP/1.1 200 OK[\r][\n]"
22:21:24.138 [Test worker] DEBUG org.apache.http.wire -- http-outgoing-7 << "Content-Type: application/json[\r][\n]"
22:21:24.138 [Test worker] DEBUG org.apache.http.wire -- http-outgoing-7 << "Vary: Accept-Encoding[\r][\n]"
22:21:24.138 [Test worker] DEBUG org.apache.http.wire -- http-outgoing-7 << "Content-Encoding: gzip[\r][\n]"
22:21:24.138 [Test worker] DEBUG org.apache.http.wire -- http-outgoing-7 << "X-Cloud-Trace-Context: 42e3847d31b18ee95d13bef783083a10[\r][\n]"
22:21:24.138 [Test worker] DEBUG org.apache.http.wire -- http-outgoing-7 << "Date: Sat, 27 Jul 2024 03:21:21 GMT[\r][\n]"
22:21:24.138 [Test worker] DEBUG org.apache.http.wire -- http-outgoing-7 << "Server: Google Frontend[\r][\n]"
22:21:24.138 [Test worker] DEBUG org.apache.http.wire -- http-outgoing-7 << "Cache-Control: private[\r][\n]"
22:21:24.138 [Test worker] DEBUG org.apache.http.wire -- http-outgoing-7 << "Transfer-Encoding: chunked[\r][\n]"
22:21:24.138 [Test worker] DEBUG org.apache.http.wire -- http-outgoing-7 << "[\r][\n]"
22:21:24.138 [Test worker] DEBUG org.apache.http.wire -- http-outgoing-7 << "00000001[\r][\n]"
22:21:24.138 [Test worker] DEBUG org.apache.http.wire -- http-outgoing-7 << "[0x1f][\r][\n]"
22:21:24.138 [Test worker] DEBUG org.apache.http.wire -- http-outgoing-7 << "00000001[\r][\n]"
22:21:24.138 [Test worker] DEBUG org.apache.http.wire -- http-outgoing-7 << "[0x8b][\r][\n]"
22:21:24.138 [Test worker] DEBUG org.apache.http.wire -- http-outgoing-7 << "00000001[\r][\n]"
22:21:24.138 [Test worker] DEBUG org.apache.http.wire -- http-outgoing-7 << "[0x8][\r][\n]"
22:21:24.138 [Test worker] DEBUG org.apache.http.wire -- http-outgoing-7 << "00000001[\r][\n]"
22:21:24.138 [Test worker] DEBUG org.apache.http.wire -- http-outgoing-7 << "[0x0][\r][\n]"
22:21:24.138 [Test worker] DEBUG org.apache.http.wire -- http-outgoing-7 << "00000001[\r][\n]"
22:21:24.138 [Test worker] DEBUG org.apache.http.wire -- http-outgoing-7 << "[0x0][\r][\n]"
22:21:24.138 [Test worker] DEBUG org.apache.http.wire -- http-outgoing-7 << "00000001[\r][\n]"
22:21:24.138 [Test worker] DEBUG org.apache.http.wire -- http-outgoing-7 << "[0x0][\r][\n]"
22:21:24.138 [Test worker] DEBUG org.apache.http.wire -- http-outgoing-7 << "00000001[\r][\n]"
22:21:24.138 [Test worker] DEBUG org.apache.http.wire -- http-outgoing-7 << "[0x0][\r][\n]"
22:21:24.138 [Test worker] DEBUG org.apache.http.wire -- http-outgoing-7 << "00000001[\r][\n]"
22:21:24.138 [Test worker] DEBUG org.apache.http.wire -- http-outgoing-7 << "[0x0][\r][\n]"
22:21:24.138 [Test worker] DEBUG org.apache.http.wire -- http-outgoing-7 << "00000001[\r][\n]"
22:21:24.138 [Test worker] DEBUG org.apache.http.wire -- http-outgoing-7 << "[0x0][\r][\n]"
22:21:24.138 [Test worker] DEBUG org.apache.http.wire -- http-outgoing-7 << "00000001[\r][\n]"
22:21:24.138 [Test worker] DEBUG org.apache.http.wire -- http-outgoing-7 << "[0x3][\r][\n]"
22:21:24.138 [Test worker] DEBUG org.apache.http.wire -- http-outgoing-7 << "00000001[\r][\n]"
22:21:24.138 [Test worker] DEBUG org.apache.http.wire -- http-outgoing-7 << "[0xaa][\r][\n]"
22:21:24.138 [Test worker] DEBUG org.apache.http.wire -- http-outgoing-7 << "00000001[\r][\n]"
22:21:24.138 [Test worker] DEBUG org.apache.http.wire -- http-outgoing-7 << "V[\r][\n]"
22:21:24.138 [Test worker] DEBUG org.apache.http.wire -- http-outgoing-7 << "00000001[\r][\n]"
22:21:24.138 [Test worker] DEBUG org.apache.http.wire -- http-outgoing-7 << "J[\r][\n]"
22:21:24.138 [Test worker] DEBUG org.apache.http.wire -- http-outgoing-7 << "00000001[\r][\n]"
22:21:24.138 [Test worker] DEBUG org.apache.http.wire -- http-outgoing-7 << "-[\r][\n]"
22:21:24.138 [Test worker] DEBUG org.apache.http.wire -- http-outgoing-7 << "00000001[\r][\n]"
22:21:24.138 [Test worker] DEBUG org.apache.http.wire -- http-outgoing-7 << "*[\r][\n]"
22:21:24.138 [Test worker] DEBUG org.apache.http.wire -- http-outgoing-7 << "00000001[\r][\n]"
22:21:24.138 [Test worker] DEBUG org.apache.http.wire -- http-outgoing-7 << "[0xca][\r][\n]"
22:21:24.138 [Test worker] DEBUG org.apache.http.wire -- http-outgoing-7 << "00000001[\r][\n]"
22:21:24.138 [Test worker] DEBUG org.apache.http.wire -- http-outgoing-7 << "/[\r][\n]"
22:21:24.138 [Test worker] DEBUG org.apache.http.wire -- http-outgoing-7 << "00000001[\r][\n]"
22:21:24.138 [Test worker] DEBUG org.apache.http.wire -- http-outgoing-7 << "[0xf2][\r][\n]"
22:21:24.138 [Test worker] DEBUG org.apache.http.wire -- http-outgoing-7 << "000030[\r][\n]"
22:21:24.138 [Test worker] DEBUG org.apache.http.wire -- http-outgoing-7 << "M-.NLOU[0xb2]R[\n]"
22:21:24.138 [Test worker] DEBUG org.apache.http.wire -- http-outgoing-7 << "-N-RH[0xc9]O-V[0xc8][0xcb]/QH[0xad][0xc8],.[0xd1]S[0xaa][0xe5][0x2][0x0][0x0][0x0][0xff][0xff][0x3][0x0]0[0xbf]H[0xf0]([0x0][0x0][0x0][\r][\n]"
22:21:24.138 [Test worker] DEBUG org.apache.http.headers -- http-outgoing-7 << HTTP/1.1 200 OK
22:21:24.138 [Test worker] DEBUG org.apache.http.headers -- http-outgoing-7 << Content-Type: application/json
22:21:24.138 [Test worker] DEBUG org.apache.http.headers -- http-outgoing-7 << Vary: Accept-Encoding
22:21:24.138 [Test worker] DEBUG org.apache.http.headers -- http-outgoing-7 << Content-Encoding: gzip
22:21:24.138 [Test worker] DEBUG org.apache.http.headers -- http-outgoing-7 << X-Cloud-Trace-Context: 42e3847d31b18ee95d13bef783083a10
22:21:24.138 [Test worker] DEBUG org.apache.http.headers -- http-outgoing-7 << Date: Sat, 27 Jul 2024 03:21:21 GMT
22:21:24.138 [Test worker] DEBUG org.apache.http.headers -- http-outgoing-7 << Server: Google Frontend
22:21:24.138 [Test worker] DEBUG org.apache.http.headers -- http-outgoing-7 << Cache-Control: private
22:21:24.138 [Test worker] DEBUG org.apache.http.headers -- http-outgoing-7 << Transfer-Encoding: chunked
22:21:24.138 [Test worker] DEBUG org.apache.http.impl.execchain.MainClientExec -- Connection can be kept alive indefinitely
22:21:24.139 [Test worker] DEBUG org.apache.http.impl.conn.DefaultManagedHttpClientConnection -- http-outgoing-7: Close connection
22:21:24.139 [Test worker] DEBUG org.apache.http.impl.execchain.MainClientExec -- Connection discarded
22:21:24.139 [Test worker] DEBUG org.apache.http.impl.conn.PoolingHttpClientConnectionManager -- Connection released: [id: 7][route: {s}->https://api.demoblaze.com:443][total available: 0; route allocated: 0 of 5; total allocated: 0 of 10]
22:21:24.139 [Test worker] DEBUG org.apache.http.impl.conn.PoolingHttpClientConnectionManager -- Connection manager is shutting down
22:21:24.139 [Test worker] DEBUG org.apache.http.impl.conn.PoolingHttpClientConnectionManager -- Connection manager shut down
22:21:24.139 [Test worker] DEBUG com.intuit.karate -- response time in milliseconds: 380
1 < 200
1 < Content-Type: application/json
1 < Vary: Accept-Encoding
1 < X-Cloud-Trace-Context: 42e3847d31b18ee95d13bef783083a10
1 < Date: Sat, 27 Jul 2024 03:21:21 GMT
1 < Server: Google Frontend
1 < Cache-Control: private
1 < Transfer-Encoding: chunked
{"errorMessage":"User does not exist."}


22:21:24.140 [Test worker] INFO com.intuit.karate -- [print] {
  "errorMessage": "User does not exist."
}
 
22:21:24.145 [Test worker] DEBUG org.thymeleaf.TemplateEngine -- [THYMELEAF] INITIALIZING TEMPLATE ENGINE
22:21:24.150 [Test worker] DEBUG org.thymeleaf.TemplateEngine.CONFIG -- Initializing Thymeleaf Template engine configuration...
[THYMELEAF] TEMPLATE ENGINE CONFIGURATION:
[THYMELEAF] * Thymeleaf version: 3.1.2.RELEASE (built 2023-07-30T19:25:50+0000)
[THYMELEAF] * Cache Manager implementation: org.thymeleaf.cache.StandardCacheManager
[THYMELEAF] * Template resolvers:
[THYMELEAF]     * [1] com.intuit.karate.template.ResourceHtmlTemplateResolver
[THYMELEAF] * Message resolvers:
[THYMELEAF]     * org.thymeleaf.messageresolver.StandardMessageResolver
[THYMELEAF] * Link builders:
[THYMELEAF]     * org.thymeleaf.linkbuilder.StandardLinkBuilder
[THYMELEAF] * Dialect [1 of 2]: Standard (com.intuit.karate.template.KarateStandardDialect)
[THYMELEAF]     * Prefix: "th"
[THYMELEAF]     * Processors for Template Mode: HTML
[THYMELEAF]         * Element Tag Processors by [matching element and attribute name] [precedence]:
[THYMELEAF]             * [* {th:include,data-th-include}] [100]: org.thymeleaf.standard.processor.StandardIncludeTagProcessor
[THYMELEAF]             * [* {th:insert,data-th-insert}] [100]: org.thymeleaf.standard.processor.StandardInsertTagProcessor
[THYMELEAF]             * [* {th:replace,data-th-replace}] [100]: org.thymeleaf.standard.processor.StandardReplaceTagProcessor
[THYMELEAF]             * [* {th:each,data-th-each}] [200]: com.intuit.karate.template.KarateEachTagProcessor
[THYMELEAF]             * [* {th:switch,data-th-switch}] [250]: org.thymeleaf.standard.processor.StandardSwitchTagProcessor
[THYMELEAF]             * [* {th:case,data-th-case}] [275]: org.thymeleaf.standard.processor.StandardCaseTagProcessor
[THYMELEAF]             * [* {th:if,data-th-if}] [300]: org.thymeleaf.standard.processor.StandardIfTagProcessor
[THYMELEAF]             * [* {th:unless,data-th-unless}] [400]: org.thymeleaf.standard.processor.StandardUnlessTagProcessor
[THYMELEAF]             * [* {th:object,data-th-object}] [500]: org.thymeleaf.standard.processor.StandardObjectTagProcessor
[THYMELEAF]             * [* {th:with,data-th-with}] [600]: com.intuit.karate.template.KarateWithTagProcessor
[THYMELEAF]             * [* {th:attr,data-th-attr}] [700]: com.intuit.karate.template.KarateAttributeTagProcessor.KarateAttrTagProcessor
[THYMELEAF]             * [* {th:attrappend,data-th-attrappend}] [900]: com.intuit.karate.template.KarateAttributeTagProcessor.KarateAttrappendTagProcessor
[THYMELEAF]             * [* {th:attrprepend,data-th-attrprepend}] [900]: com.intuit.karate.template.KarateAttributeTagProcessor.KarateAttrprependTagProcessor
[THYMELEAF]             * [* {th:alt-title,data-th-alt-title}] [990]: org.thymeleaf.standard.processor.StandardAltTitleTagProcessor
[THYMELEAF]             * [* {th:lang-xmllang,data-th-lang-xmllang}] [990]: org.thymeleaf.standard.processor.StandardLangXmlLangTagProcessor
[THYMELEAF]             * [* {th:action,data-th-action}] [1000]: org.thymeleaf.standard.processor.StandardActionTagProcessor
[THYMELEAF]             * [* {th:multiple,data-th-multiple}] [1000]: org.thymeleaf.standard.processor.StandardConditionalFixedValueTagProcessor
[THYMELEAF]             * [* {th:seamless,data-th-seamless}] [1000]: org.thymeleaf.standard.processor.StandardConditionalFixedValueTagProcessor
[THYMELEAF]             * [* {th:required,data-th-required}] [1000]: org.thymeleaf.standard.processor.StandardConditionalFixedValueTagProcessor
[THYMELEAF]             * [* {th:ismap,data-th-ismap}] [1000]: org.thymeleaf.standard.processor.StandardConditionalFixedValueTagProcessor
[THYMELEAF]             * [* {th:autofocus,data-th-autofocus}] [1000]: org.thymeleaf.standard.processor.StandardConditionalFixedValueTagProcessor
[THYMELEAF]             * [* {th:selected,data-th-selected}] [1000]: org.thymeleaf.standard.processor.StandardConditionalFixedValueTagProcessor
[THYMELEAF]             * [* {th:checked,data-th-checked}] [1000]: org.thymeleaf.standard.processor.StandardConditionalFixedValueTagProcessor
[THYMELEAF]             * [* {th:scoped,data-th-scoped}] [1000]: org.thymeleaf.standard.processor.StandardConditionalFixedValueTagProcessor
[THYMELEAF]             * [* {th:defer,data-th-defer}] [1000]: org.thymeleaf.standard.processor.StandardConditionalFixedValueTagProcessor
[THYMELEAF]             * [* {th:hidden,data-th-hidden}] [1000]: org.thymeleaf.standard.processor.StandardConditionalFixedValueTagProcessor
[THYMELEAF]             * [* {th:disabled,data-th-disabled}] [1000]: org.thymeleaf.standard.processor.StandardConditionalFixedValueTagProcessor
[THYMELEAF]             * [* {th:async,data-th-async}] [1000]: org.thymeleaf.standard.processor.StandardConditionalFixedValueTagProcessor
[THYMELEAF]             * [* {th:controls,data-th-controls}] [1000]: org.thymeleaf.standard.processor.StandardConditionalFixedValueTagProcessor
[THYMELEAF]             * [* {th:declare,data-th-declare}] [1000]: org.thymeleaf.standard.processor.StandardConditionalFixedValueTagProcessor
[THYMELEAF]             * [* {th:readonly,data-th-readonly}] [1000]: org.thymeleaf.standard.processor.StandardConditionalFixedValueTagProcessor
[THYMELEAF]             * [* {th:default,data-th-default}] [1000]: org.thymeleaf.standard.processor.StandardConditionalFixedValueTagProcessor
[THYMELEAF]             * [* {th:loop,data-th-loop}] [1000]: org.thymeleaf.standard.processor.StandardConditionalFixedValueTagProcessor
[THYMELEAF]             * [* {th:nowrap,data-th-nowrap}] [1000]: org.thymeleaf.standard.processor.StandardConditionalFixedValueTagProcessor
[THYMELEAF]             * [* {th:open,data-th-open}] [1000]: org.thymeleaf.standard.processor.StandardConditionalFixedValueTagProcessor
[THYMELEAF]             * [* {th:autoplay,data-th-autoplay}] [1000]: org.thymeleaf.standard.processor.StandardConditionalFixedValueTagProcessor
[THYMELEAF]             * [* {th:formnovalidate,data-th-formnovalidate}] [1000]: org.thymeleaf.standard.processor.StandardConditionalFixedValueTagProcessor
[THYMELEAF]             * [* {th:pubdate,data-th-pubdate}] [1000]: org.thymeleaf.standard.processor.StandardConditionalFixedValueTagProcessor
[THYMELEAF]             * [* {th:reversed,data-th-reversed}] [1000]: org.thymeleaf.standard.processor.StandardConditionalFixedValueTagProcessor
[THYMELEAF]             * [* {th:novalidate,data-th-novalidate}] [1000]: org.thymeleaf.standard.processor.StandardConditionalFixedValueTagProcessor
[THYMELEAF]             * [* {th:onbeforeprint,data-th-onbeforeprint}] [1000]: org.thymeleaf.standard.processor.StandardDOMEventAttributeTagProcessor
[THYMELEAF]             * [* {th:onratechange,data-th-onratechange}] [1000]: org.thymeleaf.standard.processor.StandardDOMEventAttributeTagProcessor
[THYMELEAF]             * [* {th:onmousedown,data-th-onmousedown}] [1000]: org.thymeleaf.standard.processor.StandardDOMEventAttributeTagProcessor
[THYMELEAF]             * [* {th:oninvalid,data-th-oninvalid}] [1000]: org.thymeleaf.standard.processor.StandardDOMEventAttributeTagProcessor
[THYMELEAF]             * [* {th:ononline,data-th-ononline}] [1000]: org.thymeleaf.standard.processor.StandardDOMEventAttributeTagProcessor
[THYMELEAF]             * [* {th:ondragenter,data-th-ondragenter}] [1000]: org.thymeleaf.standard.processor.StandardDOMEventAttributeTagProcessor
[THYMELEAF]             * [* {th:onoffline,data-th-onoffline}] [1000]: org.thymeleaf.standard.processor.StandardDOMEventAttributeTagProcessor
[THYMELEAF]             * [* {th:oncontextmenu,data-th-oncontextmenu}] [1000]: org.thymeleaf.standard.processor.StandardDOMEventAttributeTagProcessor
[THYMELEAF]             * [* {th:onloadeddata,data-th-onloadeddata}] [1000]: org.thymeleaf.standard.processor.StandardDOMEventAttributeTagProcessor
[THYMELEAF]             * [* {th:onseeking,data-th-onseeking}] [1000]: org.thymeleaf.standard.processor.StandardDOMEventAttributeTagProcessor
[THYMELEAF]             * [* {th:onload,data-th-onload}] [1000]: org.thymeleaf.standard.processor.StandardDOMEventAttributeTagProcessor
[THYMELEAF]             * [* {th:ondragleave,data-th-ondragleave}] [1000]: org.thymeleaf.standard.processor.StandardDOMEventAttributeTagProcessor
[THYMELEAF]             * [* {th:ondrop,data-th-ondrop}] [1000]: org.thymeleaf.standard.processor.StandardDOMEventAttributeTagProcessor
[THYMELEAF]             * [* {th:onreadystatechange,data-th-onreadystatechange}] [1000]: org.thymeleaf.standard.processor.StandardDOMEventAttributeTagProcessor
[THYMELEAF]             * [* {th:ondragend,data-th-ondragend}] [1000]: org.thymeleaf.standard.processor.StandardDOMEventAttributeTagProcessor
[THYMELEAF]             * [* {th:onabort,data-th-onabort}] [1000]: org.thymeleaf.standard.processor.StandardDOMEventAttributeTagProcessor
[THYMELEAF]             * [* {th:onplay,data-th-onplay}] [1000]: org.thymeleaf.standard.processor.StandardDOMEventAttributeTagProcessor
[THYMELEAF]             * [* {th:ondurationchange,data-th-ondurationchange}] [1000]: org.thymeleaf.standard.processor.StandardDOMEventAttributeTagProcessor
[THYMELEAF]             * [* {th:onpause,data-th-onpause}] [1000]: org.thymeleaf.standard.processor.StandardDOMEventAttributeTagProcessor
[THYMELEAF]             * [* {th:onscroll,data-th-onscroll}] [1000]: org.thymeleaf.standard.processor.StandardDOMEventAttributeTagProcessor
[THYMELEAF]             * [* {th:onerror,data-th-onerror}] [1000]: org.thymeleaf.standard.processor.StandardDOMEventAttributeTagProcessor
[THYMELEAF]             * [* {th:onundo,data-th-onundo}] [1000]: org.thymeleaf.standard.processor.StandardDOMEventAttributeTagProcessor
[THYMELEAF]             * [* {th:ondrag,data-th-ondrag}] [1000]: org.thymeleaf.standard.processor.StandardDOMEventAttributeTagProcessor
[THYMELEAF]             * [* {th:onplaying,data-th-onplaying}] [1000]: org.thymeleaf.standard.processor.StandardDOMEventAttributeTagProcessor
[THYMELEAF]             * [* {th:onfocus,data-th-onfocus}] [1000]: org.thymeleaf.standard.processor.StandardDOMEventAttributeTagProcessor
[THYMELEAF]             * [* {th:onmousemove,data-th-onmousemove}] [1000]: org.thymeleaf.standard.processor.StandardDOMEventAttributeTagProcessor
[THYMELEAF]             * [* {th:onloadstart,data-th-onloadstart}] [1000]: org.thymeleaf.standard.processor.StandardDOMEventAttributeTagProcessor
[THYMELEAF]             * [* {th:onredo,data-th-onredo}] [1000]: org.thymeleaf.standard.processor.StandardDOMEventAttributeTagProcessor
[THYMELEAF]             * [* {th:onunload,data-th-onunload}] [1000]: org.thymeleaf.standard.processor.StandardDOMEventAttributeTagProcessor
[THYMELEAF]             * [* {th:onhashchange,data-th-onhashchange}] [1000]: org.thymeleaf.standard.processor.StandardDOMEventAttributeTagProcessor
[THYMELEAF]             * [* {th:onwaiting,data-th-onwaiting}] [1000]: org.thymeleaf.standard.processor.StandardDOMEventAttributeTagProcessor
[THYMELEAF]             * [* {th:oninput,data-th-oninput}] [1000]: org.thymeleaf.standard.processor.StandardDOMEventAttributeTagProcessor
[THYMELEAF]             * [* {th:onended,data-th-onended}] [1000]: org.thymeleaf.standard.processor.StandardDOMEventAttributeTagProcessor
[THYMELEAF]             * [* {th:onformchange,data-th-onformchange}] [1000]: org.thymeleaf.standard.processor.StandardDOMEventAttributeTagProcessor
[THYMELEAF]             * [* {th:onseeked,data-th-onseeked}] [1000]: org.thymeleaf.standard.processor.StandardDOMEventAttributeTagProcessor
[THYMELEAF]             * [* {th:onstorage,data-th-onstorage}] [1000]: org.thymeleaf.standard.processor.StandardDOMEventAttributeTagProcessor
[THYMELEAF]             * [* {th:onprogress,data-th-onprogress}] [1000]: org.thymeleaf.standard.processor.StandardDOMEventAttributeTagProcessor
[THYMELEAF]             * [* {th:onreset,data-th-onreset}] [1000]: org.thymeleaf.standard.processor.StandardDOMEventAttributeTagProcessor
[THYMELEAF]             * [* {th:onforminput,data-th-onforminput}] [1000]: org.thymeleaf.standard.processor.StandardDOMEventAttributeTagProcessor
[THYMELEAF]             * [* {th:onkeypress,data-th-onkeypress}] [1000]: org.thymeleaf.standard.processor.StandardDOMEventAttributeTagProcessor
[THYMELEAF]             * [* {th:onshow,data-th-onshow}] [1000]: org.thymeleaf.standard.processor.StandardDOMEventAttributeTagProcessor
[THYMELEAF]             * [* {th:oncanplaythrough,data-th-oncanplaythrough}] [1000]: org.thymeleaf.standard.processor.StandardDOMEventAttributeTagProcessor
[THYMELEAF]             * [* {th:ontimeupdate,data-th-ontimeupdate}] [1000]: org.thymeleaf.standard.processor.StandardDOMEventAttributeTagProcessor
[THYMELEAF]             * [* {th:onchange,data-th-onchange}] [1000]: org.thymeleaf.standard.processor.StandardDOMEventAttributeTagProcessor
[THYMELEAF]             * [* {th:onsuspend,data-th-onsuspend}] [1000]: org.thymeleaf.standard.processor.StandardDOMEventAttributeTagProcessor
[THYMELEAF]             * [* {th:oncanplay,data-th-oncanplay}] [1000]: org.thymeleaf.standard.processor.StandardDOMEventAttributeTagProcessor
[THYMELEAF]             * [* {th:onvolumechange,data-th-onvolumechange}] [1000]: org.thymeleaf.standard.processor.StandardDOMEventAttributeTagProcessor
[THYMELEAF]             * [* {th:onmouseout,data-th-onmouseout}] [1000]: org.thymeleaf.standard.processor.StandardDOMEventAttributeTagProcessor
[THYMELEAF]             * [* {th:onmousewheel,data-th-onmousewheel}] [1000]: org.thymeleaf.standard.processor.StandardDOMEventAttributeTagProcessor
[THYMELEAF]             * [* {th:onstalled,data-th-onstalled}] [1000]: org.thymeleaf.standard.processor.StandardDOMEventAttributeTagProcessor
[THYMELEAF]             * [* {th:onmouseover,data-th-onmouseover}] [1000]: org.thymeleaf.standard.processor.StandardDOMEventAttributeTagProcessor
[THYMELEAF]             * [* {th:onsubmit,data-th-onsubmit}] [1000]: org.thymeleaf.standard.processor.StandardDOMEventAttributeTagProcessor
[THYMELEAF]             * [* {th:onkeyup,data-th-onkeyup}] [1000]: org.thymeleaf.standard.processor.StandardDOMEventAttributeTagProcessor
[THYMELEAF]             * [* {th:onmouseup,data-th-onmouseup}] [1000]: org.thymeleaf.standard.processor.StandardDOMEventAttributeTagProcessor
[THYMELEAF]             * [* {th:onpopstate,data-th-onpopstate}] [1000]: org.thymeleaf.standard.processor.StandardDOMEventAttributeTagProcessor
[THYMELEAF]             * [* {th:onblur,data-th-onblur}] [1000]: org.thymeleaf.standard.processor.StandardDOMEventAttributeTagProcessor
[THYMELEAF]             * [* {th:ondragstart,data-th-ondragstart}] [1000]: org.thymeleaf.standard.processor.StandardDOMEventAttributeTagProcessor
[THYMELEAF]             * [* {th:ondragover,data-th-ondragover}] [1000]: org.thymeleaf.standard.processor.StandardDOMEventAttributeTagProcessor
[THYMELEAF]             * [* {th:ondblclick,data-th-ondblclick}] [1000]: org.thymeleaf.standard.processor.StandardDOMEventAttributeTagProcessor
[THYMELEAF]             * [* {th:onemptied,data-th-onemptied}] [1000]: org.thymeleaf.standard.processor.StandardDOMEventAttributeTagProcessor
[THYMELEAF]             * [* {th:onmessage,data-th-onmessage}] [1000]: org.thymeleaf.standard.processor.StandardDOMEventAttributeTagProcessor
[THYMELEAF]             * [* {th:onresize,data-th-onresize}] [1000]: org.thymeleaf.standard.processor.StandardDOMEventAttributeTagProcessor
[THYMELEAF]             * [* {th:onbeforeunload,data-th-onbeforeunload}] [1000]: org.thymeleaf.standard.processor.StandardDOMEventAttributeTagProcessor
[THYMELEAF]             * [* {th:onloadedmetadata,data-th-onloadedmetadata}] [1000]: org.thymeleaf.standard.processor.StandardDOMEventAttributeTagProcessor
[THYMELEAF]             * [* {th:onkeydown,data-th-onkeydown}] [1000]: org.thymeleaf.standard.processor.StandardDOMEventAttributeTagProcessor
[THYMELEAF]             * [* {th:onselect,data-th-onselect}] [1000]: org.thymeleaf.standard.processor.StandardDOMEventAttributeTagProcessor
[THYMELEAF]             * [* {th:onafterprint,data-th-onafterprint}] [1000]: org.thymeleaf.standard.processor.StandardDOMEventAttributeTagProcessor
[THYMELEAF]             * [* {th:onclick,data-th-onclick}] [1000]: org.thymeleaf.standard.processor.StandardDOMEventAttributeTagProcessor
[THYMELEAF]             * [* {th:href,data-th-href}] [1000]: org.thymeleaf.standard.processor.StandardHrefTagProcessor
[THYMELEAF]             * [* {th:inline,data-th-inline}] [1000]: org.thymeleaf.standard.processor.StandardInlineHTMLTagProcessor
[THYMELEAF]             * [* {th:method,data-th-method}] [1000]: org.thymeleaf.standard.processor.StandardMethodTagProcessor
[THYMELEAF]             * [* {th:name,data-th-name}] [1000]: org.thymeleaf.standard.processor.StandardNonRemovableAttributeTagProcessor
[THYMELEAF]             * [* {th:type,data-th-type}] [1000]: org.thymeleaf.standard.processor.StandardNonRemovableAttributeTagProcessor
[THYMELEAF]             * [* {th:form,data-th-form}] [1000]: org.thymeleaf.standard.processor.StandardRemovableAttributeTagProcessor
[THYMELEAF]             * [* {th:audio,data-th-audio}] [1000]: org.thymeleaf.standard.processor.StandardRemovableAttributeTagProcessor
[THYMELEAF]             * [* {th:low,data-th-low}] [1000]: org.thymeleaf.standard.processor.StandardRemovableAttributeTagProcessor
[THYMELEAF]             * [* {th:step,data-th-step}] [1000]: org.thymeleaf.standard.processor.StandardRemovableAttributeTagProcessor
[THYMELEAF]             * [* {th:marginwidth,data-th-marginwidth}] [1000]: org.thymeleaf.standard.processor.StandardRemovableAttributeTagProcessor
[THYMELEAF]             * [* {th:sizes,data-th-sizes}] [1000]: org.thymeleaf.standard.processor.StandardRemovableAttributeTagProcessor
[THYMELEAF]             * [* {th:wrap,data-th-wrap}] [1000]: org.thymeleaf.standard.processor.StandardRemovableAttributeTagProcessor
[THYMELEAF]             * [* {th:contextmenu,data-th-contextmenu}] [1000]: org.thymeleaf.standard.processor.StandardRemovableAttributeTagProcessor
[THYMELEAF]             * [* {th:data,data-th-data}] [1000]: org.thymeleaf.standard.processor.StandardRemovableAttributeTagProcessor
[THYMELEAF]             * [* {th:optimum,data-th-optimum}] [1000]: org.thymeleaf.standard.processor.StandardRemovableAttributeTagProcessor
[THYMELEAF]             * [* {th:formenctype,data-th-formenctype}] [1000]: org.thymeleaf.standard.processor.StandardRemovableAttributeTagProcessor
[THYMELEAF]             * [* {th:http-equiv,data-th-http-equiv}] [1000]: org.thymeleaf.standard.processor.StandardRemovableAttributeTagProcessor
[THYMELEAF]             * [* {th:accept-charset,data-th-accept-charset}] [1000]: org.thymeleaf.standard.processor.StandardRemovableAttributeTagProcessor
[THYMELEAF]             * [* {th:label,data-th-label}] [1000]: org.thymeleaf.standard.processor.StandardRemovableAttributeTagProcessor
[THYMELEAF]             * [* {th:rowspan,data-th-rowspan}] [1000]: org.thymeleaf.standard.processor.StandardRemovableAttributeTagProcessor
[THYMELEAF]             * [* {th:target,data-th-target}] [1000]: org.thymeleaf.standard.processor.StandardRemovableAttributeTagProcessor
[THYMELEAF]             * [* {th:start,data-th-start}] [1000]: org.thymeleaf.standard.processor.StandardRemovableAttributeTagProcessor
[THYMELEAF]             * [* {th:headers,data-th-headers}] [1000]: org.thymeleaf.standard.processor.StandardRemovableAttributeTagProcessor
[THYMELEAF]             * [* {th:pattern,data-th-pattern}] [1000]: org.thymeleaf.standard.processor.StandardRemovableAttributeTagProcessor
[THYMELEAF]             * [* {th:rows,data-th-rows}] [1000]: org.thymeleaf.standard.processor.StandardRemovableAttributeTagProcessor
[THYMELEAF]             * [* {th:accept,data-th-accept}] [1000]: org.thymeleaf.standard.processor.StandardRemovableAttributeTagProcessor
[THYMELEAF]             * [* {th:media,data-th-media}] [1000]: org.thymeleaf.standard.processor.StandardRemovableAttributeTagProcessor
[THYMELEAF]             * [* {th:content,data-th-content}] [1000]: org.thymeleaf.standard.processor.StandardRemovableAttributeTagProcessor
[THYMELEAF]             * [* {th:cellpadding,data-th-cellpadding}] [1000]: org.thymeleaf.standard.processor.StandardRemovableAttributeTagProcessor
[THYMELEAF]             * [* {th:datetime,data-th-datetime}] [1000]: org.thymeleaf.standard.processor.StandardRemovableAttributeTagProcessor
[THYMELEAF]             * [* {th:poster,data-th-poster}] [1000]: org.thymeleaf.standard.processor.StandardRemovableAttributeTagProcessor
[THYMELEAF]             * [* {th:dir,data-th-dir}] [1000]: org.thymeleaf.standard.processor.StandardRemovableAttributeTagProcessor
[THYMELEAF]             * [* {th:dropzone,data-th-dropzone}] [1000]: org.thymeleaf.standard.processor.StandardRemovableAttributeTagProcessor
[THYMELEAF]             * [* {th:frameborder,data-th-frameborder}] [1000]: org.thymeleaf.standard.processor.StandardRemovableAttributeTagProcessor
[THYMELEAF]             * [* {th:classid,data-th-classid}] [1000]: org.thymeleaf.standard.processor.StandardRemovableAttributeTagProcessor
[THYMELEAF]             * [* {th:rel,data-th-rel}] [1000]: org.thymeleaf.standard.processor.StandardRemovableAttributeTagProcessor
[THYMELEAF]             * [* {th:background,data-th-background}] [1000]: org.thymeleaf.standard.processor.StandardRemovableAttributeTagProcessor
[THYMELEAF]             * [* {th:codetype,data-th-codetype}] [1000]: org.thymeleaf.standard.processor.StandardRemovableAttributeTagProcessor
[THYMELEAF]             * [* {th:style,data-th-style}] [1000]: org.thymeleaf.standard.processor.StandardRemovableAttributeTagProcessor
[THYMELEAF]             * [* {th:maxlength,data-th-maxlength}] [1000]: org.thymeleaf.standard.processor.StandardRemovableAttributeTagProcessor
[THYMELEAF]             * [* {th:class,data-th-class}] [1000]: org.thymeleaf.standard.processor.StandardRemovableAttributeTagProcessor
[THYMELEAF]             * [* {th:compact,data-th-compact}] [1000]: org.thymeleaf.standard.processor.StandardRemovableAttributeTagProcessor
[THYMELEAF]             * [* {th:cellspacing,data-th-cellspacing}] [1000]: org.thymeleaf.standard.processor.StandardRemovableAttributeTagProcessor
[THYMELEAF]             * [* {th:archive,data-th-archive}] [1000]: org.thymeleaf.standard.processor.StandardRemovableAttributeTagProcessor
[THYMELEAF]             * [* {th:placeholder,data-th-placeholder}] [1000]: org.thymeleaf.standard.processor.StandardRemovableAttributeTagProcessor
[THYMELEAF]             * [* {th:marginheight,data-th-marginheight}] [1000]: org.thymeleaf.standard.processor.StandardRemovableAttributeTagProcessor
[THYMELEAF]             * [* {th:srclang,data-th-srclang}] [1000]: org.thymeleaf.standard.processor.StandardRemovableAttributeTagProcessor
[THYMELEAF]             * [* {th:draggable,data-th-draggable}] [1000]: org.thymeleaf.standard.processor.StandardRemovableAttributeTagProcessor
[THYMELEAF]             * [* {th:for,data-th-for}] [1000]: org.thymeleaf.standard.processor.StandardRemovableAttributeTagProcessor
[THYMELEAF]             * [* {th:span,data-th-span}] [1000]: org.thymeleaf.standard.processor.StandardRemovableAttributeTagProcessor
[THYMELEAF]             * [* {th:icon,data-th-icon}] [1000]: org.thymeleaf.standard.processor.StandardRemovableAttributeTagProcessor
[THYMELEAF]             * [* {th:high,data-th-high}] [1000]: org.thymeleaf.standard.processor.StandardRemovableAttributeTagProcessor
[THYMELEAF]             * [* {th:hspace,data-th-hspace}] [1000]: org.thymeleaf.standard.processor.StandardRemovableAttributeTagProcessor
[THYMELEAF]             * [* {th:size,data-th-size}] [1000]: org.thymeleaf.standard.processor.StandardRemovableAttributeTagProcessor
[THYMELEAF]             * [* {th:cite,data-th-cite}] [1000]: org.thymeleaf.standard.processor.StandardRemovableAttributeTagProcessor
[THYMELEAF]             * [* {th:keytype,data-th-keytype}] [1000]: org.thymeleaf.standard.processor.StandardRemovableAttributeTagProcessor
[THYMELEAF]             * [* {th:standby,data-th-standby}] [1000]: org.thymeleaf.standard.processor.StandardRemovableAttributeTagProcessor
[...]
[THYMELEAF]             * [* {th:placeholder,data-th-placeholder}] [1000]: org.thymeleaf.standard.processor.StandardRemovableAttributeTagProcessor
[THYMELEAF]             * [* {th:summary,data-th-summary}] [1000]: org.thymeleaf.standard.processor.StandardRemovableAttributeTagProcessor
[THYMELEAF]             * [* {th:pattern,data-th-pattern}] [1000]: org.thymeleaf.standard.processor.StandardRemovableAttributeTagProcessor
[THYMELEAF]             * [* {th:manifest,data-th-manifest}] [1000]: org.thymeleaf.standard.processor.StandardRemovableAttributeTagProcessor
[THYMELEAF]             * [* {th:contenteditable,data-th-contenteditable}] [1000]: org.thymeleaf.standard.processor.StandardRemovableAttributeTagProcessor
[THYMELEAF]             * [* {th:hreflang,data-th-hreflang}] [1000]: org.thymeleaf.standard.processor.StandardRemovableAttributeTagProcessor
[THYMELEAF]             * [* {th:challenge,data-th-challenge}] [1000]: org.thymeleaf.standard.processor.StandardRemovableAttributeTagProcessor
[THYMELEAF]             * [* {th:datetime,data-th-datetime}] [1000]: org.thymeleaf.standard.processor.StandardRemovableAttributeTagProcessor
[THYMELEAF]             * [* {th:dir,data-th-dir}] [1000]: org.thymeleaf.standard.processor.StandardRemovableAttributeTagProcessor
[THYMELEAF]             * [* {th:start,data-th-start}] [1000]: org.thymeleaf.standard.processor.StandardRemovableAttributeTagProcessor
[THYMELEAF]             * [* {th:form,data-th-form}] [1000]: org.thymeleaf.standard.processor.StandardRemovableAttributeTagProcessor
[THYMELEAF]             * [* {th:content,data-th-content}] [1000]: org.thymeleaf.standard.processor.StandardRemovableAttributeTagProcessor
[THYMELEAF]             * [* {th:kind,data-th-kind}] [1000]: org.thymeleaf.standard.processor.StandardRemovableAttributeTagProcessor
[THYMELEAF]             * [* {th:style,data-th-style}] [1000]: org.thymeleaf.standard.processor.StandardRemovableAttributeTagProcessor
[THYMELEAF]             * [* {th:wrap,data-th-wrap}] [1000]: org.thymeleaf.standard.processor.StandardRemovableAttributeTagProcessor
[THYMELEAF]             * [* {th:enctype,data-th-enctype}] [1000]: org.thymeleaf.standard.processor.StandardRemovableAttributeTagProcessor
[THYMELEAF]             * [* {th:step,data-th-step}] [1000]: org.thymeleaf.standard.processor.StandardRemovableAttributeTagProcessor
[THYMELEAF]             * [* {th:width,data-th-width}] [1000]: org.thymeleaf.standard.processor.StandardRemovableAttributeTagProcessor
[THYMELEAF]             * [* {th:headers,data-th-headers}] [1000]: org.thymeleaf.standard.processor.StandardRemovableAttributeTagProcessor
[THYMELEAF]             * [* {th:max,data-th-max}] [1000]: org.thymeleaf.standard.processor.StandardRemovableAttributeTagProcessor
[THYMELEAF]             * [* {th:low,data-th-low}] [1000]: org.thymeleaf.standard.processor.StandardRemovableAttributeTagProcessor
[THYMELEAF]             * [* {th:scope,data-th-scope}] [1000]: org.thymeleaf.standard.processor.StandardRemovableAttributeTagProcessor
[THYMELEAF]             * [* {th:rules,data-th-rules}] [1000]: org.thymeleaf.standard.processor.StandardRemovableAttributeTagProcessor
[THYMELEAF]             * [* {th:height,data-th-height}] [1000]: org.thymeleaf.standard.processor.StandardRemovableAttributeTagProcessor
[THYMELEAF]             * [* {th:cite,data-th-cite}] [1000]: org.thymeleaf.standard.processor.StandardRemovableAttributeTagProcessor
[THYMELEAF]             * [* {th:list,data-th-list}] [1000]: org.thymeleaf.standard.processor.StandardRemovableAttributeTagProcessor
[THYMELEAF]             * [* {th:autocomplete,data-th-autocomplete}] [1000]: org.thymeleaf.standard.processor.StandardRemovableAttributeTagProcessor
[THYMELEAF]             * [* {th:audio,data-th-audio}] [1000]: org.thymeleaf.standard.processor.StandardRemovableAttributeTagProcessor
[THYMELEAF]             * [* {th:longdesc,data-th-longdesc}] [1000]: org.thymeleaf.standard.processor.StandardRemovableAttributeTagProcessor
[THYMELEAF]             * [* {th:rowspan,data-th-rowspan}] [1000]: org.thymeleaf.standard.processor.StandardRemovableAttributeTagProcessor
[THYMELEAF]             * [* {th:abbr,data-th-abbr}] [1000]: org.thymeleaf.standard.processor.StandardRemovableAttributeTagProcessor
[THYMELEAF]             * [* {th:align,data-th-align}] [1000]: org.thymeleaf.standard.processor.StandardRemovableAttributeTagProcessor
[THYMELEAF]             * [* {th:accesskey,data-th-accesskey}] [1000]: org.thymeleaf.standard.processor.StandardRemovableAttributeTagProcessor
[THYMELEAF]             * [* {th:background,data-th-background}] [1000]: org.thymeleaf.standard.processor.StandardRemovableAttributeTagProcessor
[THYMELEAF]             * [* {th:draggable,data-th-draggable}] [1000]: org.thymeleaf.standard.processor.StandardRemovableAttributeTagProcessor
[THYMELEAF]             * [* {th:for,data-th-for}] [1000]: org.thymeleaf.standard.processor.StandardRemovableAttributeTagProcessor
[THYMELEAF]             * [* {th:min,data-th-min}] [1000]: org.thymeleaf.standard.processor.StandardRemovableAttributeTagProcessor
[THYMELEAF]             * [* {th:rows,data-th-rows}] [1000]: org.thymeleaf.standard.processor.StandardRemovableAttributeTagProcessor
[THYMELEAF]             * [* {th:srclang,data-th-srclang}] [1000]: org.thymeleaf.standard.processor.StandardRemovableAttributeTagProcessor
[THYMELEAF]             * [* {th:src,data-th-src}] [1000]: org.thymeleaf.standard.processor.StandardSrcTagProcessor
[THYMELEAF]             * [* {th:value,data-th-value}] [1000]: org.thymeleaf.standard.processor.StandardValueTagProcessor
[THYMELEAF]             * [* {th:xmlbase,data-th-xmlbase}] [1000]: org.thymeleaf.standard.processor.StandardXmlBaseTagProcessor
[THYMELEAF]             * [* {th:xmllang,data-th-xmllang}] [1000]: org.thymeleaf.standard.processor.StandardXmlLangTagProcessor
[THYMELEAF]             * [* {xmlns:th}] [1000]: org.thymeleaf.standard.processor.StandardXmlNsTagProcessor
[THYMELEAF]             * [* {th:xmlspace,data-th-xmlspace}] [1000]: org.thymeleaf.standard.processor.StandardXmlSpaceTagProcessor
[THYMELEAF]             * [* {th:classappend,data-th-classappend}] [1100]: org.thymeleaf.standard.processor.StandardClassappendTagProcessor
[THYMELEAF]             * [* {th:styleappend,data-th-styleappend}] [1100]: org.thymeleaf.standard.processor.StandardStyleappendTagProcessor
[THYMELEAF]             * [* {th:text,data-th-text}] [1300]: org.thymeleaf.standard.processor.StandardTextTagProcessor
[THYMELEAF]             * [* {th:utext,data-th-utext}] [1400]: org.thymeleaf.standard.processor.StandardUtextTagProcessor
[THYMELEAF]             * [* {th:fragment,data-th-fragment}] [1500]: org.thymeleaf.standard.processor.StandardFragmentTagProcessor
[THYMELEAF]             * [* {th:assert,data-th-assert}] [1550]: org.thymeleaf.standard.processor.StandardAssertTagProcessor
[THYMELEAF]             * [* {th:remove,data-th-remove}] [1600]: org.thymeleaf.standard.processor.StandardRemoveTagProcessor
[THYMELEAF]             * [* {th:ref,data-th-ref}] [10000]: org.thymeleaf.standard.processor.StandardRefAttributeTagProcessor
[THYMELEAF]             * [{th:block,th-block} *] [100000]: org.thymeleaf.standard.processor.StandardBlockTagProcessor
[THYMELEAF]             * [* th:*] [2147483647]: org.thymeleaf.standard.processor.StandardDefaultAttributesTagProcessor
[THYMELEAF]         * Text Processors by [precedence]:
[THYMELEAF]             * [1000]: org.thymeleaf.standard.processor.StandardInliningTextProcessor
[THYMELEAF]         * DOCTYPE Processors by [precedence]:
[THYMELEAF]             * [1000]: org.thymeleaf.standard.processor.StandardTranslationDocTypeProcessor
[THYMELEAF]         * CDATA Section Processors by [precedence]:
[THYMELEAF]             * [1000]: org.thymeleaf.standard.processor.StandardInliningCDATASectionProcessor
[THYMELEAF]         * Comment Processors by [precedence]:
[THYMELEAF]             * [1000]: org.thymeleaf.standard.processor.StandardInliningCommentProcessor
[THYMELEAF]             * [1100]: org.thymeleaf.standard.processor.StandardConditionalCommentProcessor
[THYMELEAF]     * Processors for Template Mode: XML
[THYMELEAF]         * Element Tag Processors by [matching element and attribute name] [precedence]:
[THYMELEAF]             * [* {th:include}] [100]: org.thymeleaf.standard.processor.StandardIncludeTagProcessor
[THYMELEAF]             * [* {th:insert}] [100]: org.thymeleaf.standard.processor.StandardInsertTagProcessor
[THYMELEAF]             * [* {th:replace}] [100]: org.thymeleaf.standard.processor.StandardReplaceTagProcessor
[THYMELEAF]             * [* {th:each}] [200]: com.intuit.karate.template.KarateEachTagProcessor
[THYMELEAF]             * [* {th:switch}] [250]: org.thymeleaf.standard.processor.StandardSwitchTagProcessor
[THYMELEAF]             * [* {th:case}] [275]: org.thymeleaf.standard.processor.StandardCaseTagProcessor
[THYMELEAF]             * [* {th:if}] [300]: org.thymeleaf.standard.processor.StandardIfTagProcessor
[THYMELEAF]             * [* {th:unless}] [400]: org.thymeleaf.standard.processor.StandardUnlessTagProcessor
[THYMELEAF]             * [* {th:object}] [500]: org.thymeleaf.standard.processor.StandardObjectTagProcessor
[THYMELEAF]             * [* {th:with}] [600]: com.intuit.karate.template.KarateWithTagProcessor
[THYMELEAF]             * [* {th:attr}] [700]: com.intuit.karate.template.KarateAttributeTagProcessor.KarateAttrTagProcessor
[THYMELEAF]             * [* {th:attrappend}] [900]: com.intuit.karate.template.KarateAttributeTagProcessor.KarateAttrappendTagProcessor
[THYMELEAF]             * [* {th:attrprepend}] [900]: com.intuit.karate.template.KarateAttributeTagProcessor.KarateAttrprependTagProcessor
[THYMELEAF]             * [* {th:inline}] [1000]: org.thymeleaf.standard.processor.StandardInlineXMLTagProcessor
[THYMELEAF]             * [* {xmlns:th}] [1000]: org.thymeleaf.standard.processor.StandardXmlNsTagProcessor
[THYMELEAF]             * [* {th:text}] [1300]: org.thymeleaf.standard.processor.StandardTextTagProcessor
[THYMELEAF]             * [* {th:utext}] [1400]: org.thymeleaf.standard.processor.StandardUtextTagProcessor
[THYMELEAF]             * [* {th:fragment}] [1500]: org.thymeleaf.standard.processor.StandardFragmentTagProcessor
[THYMELEAF]             * [* {th:assert}] [1550]: org.thymeleaf.standard.processor.StandardAssertTagProcessor
[THYMELEAF]             * [* {th:remove}] [1600]: org.thymeleaf.standard.processor.StandardRemoveTagProcessor
[THYMELEAF]             * [* {th:ref}] [10000]: org.thymeleaf.standard.processor.StandardRefAttributeTagProcessor
[THYMELEAF]             * [{th:block} *] [100000]: org.thymeleaf.standard.processor.StandardBlockTagProcessor
[THYMELEAF]             * [* th:*] [2147483647]: org.thymeleaf.standard.processor.StandardDefaultAttributesTagProcessor
[THYMELEAF]         * Text Processors by [precedence]:
[THYMELEAF]             * [1000]: org.thymeleaf.standard.processor.StandardInliningTextProcessor
[THYMELEAF]         * CDATA Section Processors by [precedence]:
[THYMELEAF]             * [1000]: org.thymeleaf.standard.processor.StandardInliningCDATASectionProcessor
[THYMELEAF]         * Comment Processors by [precedence]:
[THYMELEAF]             * [1000]: org.thymeleaf.standard.processor.StandardInliningCommentProcessor
[THYMELEAF]     * Processors for Template Mode: TEXT
[THYMELEAF]         * Element Tag Processors by [matching element and attribute name] [precedence]:
[THYMELEAF]             * [* {th:insert}] [100]: org.thymeleaf.standard.processor.StandardInsertTagProcessor
[THYMELEAF]             * [* {th:replace}] [100]: org.thymeleaf.standard.processor.StandardReplaceTagProcessor
[THYMELEAF]             * [* {th:each}] [200]: com.intuit.karate.template.KarateEachTagProcessor
[THYMELEAF]             * [* {th:switch}] [250]: org.thymeleaf.standard.processor.StandardSwitchTagProcessor
[THYMELEAF]             * [* {th:case}] [275]: org.thymeleaf.standard.processor.StandardCaseTagProcessor
[THYMELEAF]             * [* {th:if}] [300]: org.thymeleaf.standard.processor.StandardIfTagProcessor
[THYMELEAF]             * [* {th:unless}] [400]: org.thymeleaf.standard.processor.StandardUnlessTagProcessor
[THYMELEAF]             * [* {th:object}] [500]: org.thymeleaf.standard.processor.StandardObjectTagProcessor
[THYMELEAF]             * [* {th:with}] [600]: com.intuit.karate.template.KarateWithTagProcessor
[THYMELEAF]             * [* {th:inline}] [1000]: org.thymeleaf.standard.processor.StandardInlineTextualTagProcessor
[THYMELEAF]             * [* {th:text}] [1300]: org.thymeleaf.standard.processor.StandardTextTagProcessor
[THYMELEAF]             * [* {th:utext}] [1400]: org.thymeleaf.standard.processor.StandardUtextTagProcessor
[THYMELEAF]             * [* {th:assert}] [1550]: org.thymeleaf.standard.processor.StandardAssertTagProcessor
[THYMELEAF]             * [* {th:remove}] [1600]: org.thymeleaf.standard.processor.StandardRemoveTagProcessor
[THYMELEAF]             * [{th:block} *] [100000]: org.thymeleaf.standard.processor.StandardBlockTagProcessor
[THYMELEAF]             * [* 100000] [org.thymeleaf.standard.processor.StandardBlockTagProcessor]: {}
[THYMELEAF]         * Text Processors by [precedence]:
[THYMELEAF]             * [1000]: org.thymeleaf.standard.processor.StandardInliningTextProcessor
[THYMELEAF]     * Processors for Template Mode: JAVASCRIPT
[THYMELEAF]         * Element Tag Processors by [matching element and attribute name] [precedence]:
[THYMELEAF]             * [* {th:insert}] [100]: org.thymeleaf.standard.processor.StandardInsertTagProcessor
[THYMELEAF]             * [* {th:replace}] [100]: org.thymeleaf.standard.processor.StandardReplaceTagProcessor
[THYMELEAF]             * [* {th:each}] [200]: com.intuit.karate.template.KarateEachTagProcessor
[THYMELEAF]             * [* {th:switch}] [250]: org.thymeleaf.standard.processor.StandardSwitchTagProcessor
[THYMELEAF]             * [* {th:case}] [275]: org.thymeleaf.standard.processor.StandardCaseTagProcessor
[THYMELEAF]             * [* {th:if}] [300]: org.thymeleaf.standard.processor.StandardIfTagProcessor
[THYMELEAF]             * [* {th:unless}] [400]: org.thymeleaf.standard.processor.StandardUnlessTagProcessor
[THYMELEAF]             * [* {th:object}] [500]: org.thymeleaf.standard.processor.StandardObjectTagProcessor
[THYMELEAF]             * [* {th:with}] [600]: com.intuit.karate.template.KarateWithTagProcessor
[THYMELEAF]             * [* {th:inline}] [1000]: org.thymeleaf.standard.processor.StandardInlineTextualTagProcessor
[THYMELEAF]             * [* {th:text}] [1300]: org.thymeleaf.standard.processor.StandardTextTagProcessor
[THYMELEAF]             * [* {th:utext}] [1400]: org.thymeleaf.standard.processor.StandardUtextTagProcessor
[THYMELEAF]             * [* {th:assert}] [1550]: org.thymeleaf.standard.processor.StandardAssertTagProcessor
[THYMELEAF]             * [* {th:remove}] [1600]: org.thymeleaf.standard.processor.StandardRemoveTagProcessor
[THYMELEAF]             * [{th:block} *] [100000]: org.thymeleaf.standard.processor.StandardBlockTagProcessor
[THYMELEAF]             * [* 100000] [org.thymeleaf.standard.processor.StandardBlockTagProcessor]: {}
[THYMELEAF]         * Text Processors by [precedence]:
[THYMELEAF]             * [1000]: org.thymeleaf.standard.processor.StandardInliningTextProcessor
[THYMELEAF]     * Processors for Template Mode: CSS
[THYMELEAF]         * Element Tag Processors by [matching element and attribute name] [precedence]:
[THYMELEAF]             * [* {th:insert}] [100]: org.thymeleaf.standard.processor.StandardInsertTagProcessor
[THYMELEAF]             * [* {th:replace}] [100]: org.thymeleaf.standard.processor.StandardReplaceTagProcessor
[THYMELEAF]             * [* {th:each}] [200]: com.intuit.karate.template.KarateEachTagProcessor
[THYMELEAF]             * [* {th:switch}] [250]: org.thymeleaf.standard.processor.StandardSwitchTagProcessor
[THYMELEAF]             * [* {th:case}] [275]: org.thymeleaf.standard.processor.StandardCaseTagProcessor
[THYMELEAF]             * [* {th:if}] [300]: org.thymeleaf.standard.processor.StandardIfTagProcessor
[THYMELEAF]             * [* {th:unless}] [400]: org.thymeleaf.standard.processor.StandardUnlessTagProcessor
[THYMELEAF]             * [* {th:object}] [500]: org.thymeleaf.standard.processor.StandardObjectTagProcessor
[THYMELEAF]             * [* {th:with}] [600]: com.intuit.karate.template.KarateWithTagProcessor
[THYMELEAF]             * [* {th:inline}] [1000]: org.thymeleaf.standard.processor.StandardInlineTextualTagProcessor
[THYMELEAF]             * [* {th:text}] [1300]: org.thymeleaf.standard.processor.StandardTextTagProcessor
[THYMELEAF]             * [* {th:utext}] [1400]: org.thymeleaf.standard.processor.StandardUtextTagProcessor
[THYMELEAF]             * [* {th:assert}] [1550]: org.thymeleaf.standard.processor.StandardAssertTagProcessor
[THYMELEAF]             * [* {th:remove}] [1600]: org.thymeleaf.standard.processor.StandardRemoveTagProcessor
[THYMELEAF]             * [{th:block} *] [100000]: org.thymeleaf.standard.processor.StandardBlockTagProcessor
[THYMELEAF]             * [* 100000] [org.thymeleaf.standard.processor.StandardBlockTagProcessor]: {}
[THYMELEAF]         * Text Processors by [precedence]:
[THYMELEAF]             * [1000]: org.thymeleaf.standard.processor.StandardInliningTextProcessor
[THYMELEAF]     * Expression Objects:
[THYMELEAF]         * #ctx
[THYMELEAF]         * #root
[THYMELEAF]         * #vars
[THYMELEAF]         * #object
[THYMELEAF]         * #locale
[THYMELEAF]         * #conversions
[THYMELEAF]         * #uris
[THYMELEAF]         * #temporals
[THYMELEAF]         * #calendars
[THYMELEAF]         * #dates
[THYMELEAF]         * #bools
[THYMELEAF]         * #numbers
[THYMELEAF]         * #objects
[THYMELEAF]         * #strings
[THYMELEAF]         * #arrays
[THYMELEAF]         * #lists
[THYMELEAF]         * #sets
[THYMELEAF]         * #maps
[THYMELEAF]         * #aggregates
[THYMELEAF]         * #messages
[THYMELEAF]         * #ids
[THYMELEAF]         * #execInfo
[THYMELEAF]         * #request
[THYMELEAF]         * #response
[THYMELEAF]         * #session
[THYMELEAF]         * #servletContext
[THYMELEAF]     * Execution Attributes:
[THYMELEAF]         * "StandardExpressionParser": com.intuit.karate.template.KarateStandardDialect@73aaec54
[THYMELEAF]         * "StandardJavaScriptSerializer": org.thymeleaf.standard.serializer.StandardJavaScriptSerializer@16ea0f22
[THYMELEAF]         * "StandardCSSSerializer": org.thymeleaf.standard.serializer.StandardCSSSerializer@60fc7f43
[THYMELEAF]         * "StandardVariableExpressionEvaluator": com.intuit.karate.template.KarateStandardDialect@73aaec54
[THYMELEAF]         * "StandardConversionService": org.thymeleaf.standard.expression.StandardConversionService@16e195cf
[THYMELEAF] * Dialect [2 of 2]: karate (com.intuit.karate.template.KarateScriptDialect)
[THYMELEAF]     * Prefix: "ka"
[THYMELEAF]     * Processors for Template Mode: HTML
[THYMELEAF]         * Element Tag Processors by [matching element and attribute name] [precedence]:
[THYMELEAF]             * [* {src}] [1000]: com.intuit.karate.template.KaScriptAttrProcessor
[THYMELEAF]         * Element Model Processors by [matching element and attribute name] [precedence]:
[THYMELEAF]             * [{script} {ka:scope,data-ka-scope}] [1000]: com.intuit.karate.template.KaScriptElemProcessor
[THYMELEAF]             * [* {ka:set,data-ka-set}] [1000]: com.intuit.karate.template.KaSetElemProcessor
[THYMELEAF] TEMPLATE ENGINE CONFIGURED OK
22:21:24.272 [Test worker] DEBUG org.thymeleaf.TemplateEngine -- [THYMELEAF] TEMPLATE ENGINE INITIALIZED

HTML report: (paste into browser to view) | Karate version: 1.4.1
file:///C:/Users/ferdi/IdeaProjects/nttdataKarate/build/karate-reports/karate-summary.html
===================================================================

]]></system-out>
  <system-err><![CDATA[]]></system-err>
</testsuite>
